===2020-09-03 09:47:45.743 INFO  com.liuye.WyzdzApplication Line:55  - Starting WyzdzApplication on localhost with PID 8341 (/Users/liuhui/Documents/ideaTool/githubWorkSpace/frame/wyzdz/target/classes started by liuhui in /Users/liuhui/Documents/ideaTool/githubWorkSpace/frame)
===2020-09-03 09:47:45.752 INFO  com.liuye.WyzdzApplication Line:651 - No active profile set, falling back to default profiles: default
===2020-09-03 09:47:47.576 INFO  org.apache.coyote.http11.Http11NioProtocol Line:173 - Initializing ProtocolHandler ["http-nio-8080"]
===2020-09-03 09:47:47.577 INFO  org.apache.catalina.core.StandardService Line:173 - Starting service [Tomcat]
===2020-09-03 09:47:47.577 INFO  org.apache.catalina.core.StandardEngine Line:173 - Starting Servlet engine: [Apache Tomcat/9.0.37]
===2020-09-03 09:47:47.672 INFO  org.apache.catalina.core.ContainerBase.[Tomcat].[localhost].[/] Line:173 - Initializing Spring embedded WebApplicationContext
===2020-09-03 09:47:47.951 INFO  com.alibaba.druid.spring.boot.autoconfigure.DruidDataSourceAutoConfigure Line:56  - Init DruidDataSource
===2020-09-03 09:47:48.608 INFO  com.alibaba.druid.pool.DruidDataSource Line:1002 - {dataSource-1} inited
===2020-09-03 09:47:48.638 INFO  com.alibaba.druid.pool.DruidDataSource Line:1885 - {dataSource-1} closing ...
===2020-09-03 09:47:48.653 INFO  com.alibaba.druid.pool.DruidDataSource Line:1955 - {dataSource-1} closed
===2020-09-03 09:47:48.657 INFO  org.apache.catalina.core.StandardService Line:173 - Stopping service [Tomcat]
===2020-09-03 09:51:48.307 INFO  com.liuye.WyzdzApplication Line:55  - Starting WyzdzApplication on localhost with PID 8371 (/Users/liuhui/Documents/ideaTool/githubWorkSpace/frame/wyzdz/target/classes started by liuhui in /Users/liuhui/Documents/ideaTool/githubWorkSpace/frame)
===2020-09-03 09:51:48.311 INFO  com.liuye.WyzdzApplication Line:651 - No active profile set, falling back to default profiles: default
===2020-09-03 09:51:49.674 INFO  org.apache.coyote.http11.Http11NioProtocol Line:173 - Initializing ProtocolHandler ["http-nio-8080"]
===2020-09-03 09:51:49.675 INFO  org.apache.catalina.core.StandardService Line:173 - Starting service [Tomcat]
===2020-09-03 09:51:49.676 INFO  org.apache.catalina.core.StandardEngine Line:173 - Starting Servlet engine: [Apache Tomcat/9.0.37]
===2020-09-03 09:51:49.757 INFO  org.apache.catalina.core.ContainerBase.[Tomcat].[localhost].[/] Line:173 - Initializing Spring embedded WebApplicationContext
===2020-09-03 09:51:49.994 INFO  com.alibaba.druid.spring.boot.autoconfigure.DruidDataSourceAutoConfigure Line:56  - Init DruidDataSource
===2020-09-03 09:51:50.467 INFO  com.alibaba.druid.pool.DruidDataSource Line:1002 - {dataSource-1} inited
===2020-09-03 09:52:25.733 INFO  com.alibaba.druid.pool.DruidDataSource Line:1885 - {dataSource-1} closing ...
===2020-09-03 09:52:25.747 INFO  com.alibaba.druid.pool.DruidDataSource Line:1955 - {dataSource-1} closed
===2020-09-03 09:52:25.752 INFO  org.apache.catalina.core.StandardService Line:173 - Stopping service [Tomcat]
===2020-09-03 09:56:04.658 INFO  com.liuye.WyzdzApplication Line:55  - Starting WyzdzApplication on localhost with PID 8406 (/Users/liuhui/Documents/ideaTool/githubWorkSpace/frame/wyzdz/target/classes started by liuhui in /Users/liuhui/Documents/ideaTool/githubWorkSpace/frame)
===2020-09-03 09:56:04.664 INFO  com.liuye.WyzdzApplication Line:651 - No active profile set, falling back to default profiles: default
===2020-09-03 09:56:06.762 INFO  org.apache.coyote.http11.Http11NioProtocol Line:173 - Initializing ProtocolHandler ["http-nio-8080"]
===2020-09-03 09:56:06.763 INFO  org.apache.catalina.core.StandardService Line:173 - Starting service [Tomcat]
===2020-09-03 09:56:06.764 INFO  org.apache.catalina.core.StandardEngine Line:173 - Starting Servlet engine: [Apache Tomcat/9.0.37]
===2020-09-03 09:56:06.945 INFO  org.apache.catalina.core.ContainerBase.[Tomcat].[localhost].[/] Line:173 - Initializing Spring embedded WebApplicationContext
===2020-09-03 09:56:07.283 INFO  com.alibaba.druid.spring.boot.autoconfigure.DruidDataSourceAutoConfigure Line:56  - Init DruidDataSource
===2020-09-03 09:56:07.901 INFO  com.alibaba.druid.pool.DruidDataSource Line:1002 - {dataSource-1} inited
===2020-09-03 09:56:07.930 INFO  com.alibaba.druid.pool.DruidDataSource Line:1885 - {dataSource-1} closing ...
===2020-09-03 09:56:07.945 INFO  com.alibaba.druid.pool.DruidDataSource Line:1955 - {dataSource-1} closed
===2020-09-03 09:56:07.950 INFO  org.apache.catalina.core.StandardService Line:173 - Stopping service [Tomcat]
===2020-09-03 09:56:49.304 INFO  com.liuye.WyzdzApplication Line:55  - Starting WyzdzApplication on localhost with PID 8412 (/Users/liuhui/Documents/ideaTool/githubWorkSpace/frame/wyzdz/target/classes started by liuhui in /Users/liuhui/Documents/ideaTool/githubWorkSpace/frame)
===2020-09-03 09:56:49.309 INFO  com.liuye.WyzdzApplication Line:651 - No active profile set, falling back to default profiles: default
===2020-09-03 09:56:50.708 INFO  org.apache.coyote.http11.Http11NioProtocol Line:173 - Initializing ProtocolHandler ["http-nio-8080"]
===2020-09-03 09:56:50.709 INFO  org.apache.catalina.core.StandardService Line:173 - Starting service [Tomcat]
===2020-09-03 09:56:50.709 INFO  org.apache.catalina.core.StandardEngine Line:173 - Starting Servlet engine: [Apache Tomcat/9.0.37]
===2020-09-03 09:56:50.790 INFO  org.apache.catalina.core.ContainerBase.[Tomcat].[localhost].[/] Line:173 - Initializing Spring embedded WebApplicationContext
===2020-09-03 09:56:51.028 INFO  com.alibaba.druid.spring.boot.autoconfigure.DruidDataSourceAutoConfigure Line:56  - Init DruidDataSource
===2020-09-03 09:56:51.509 INFO  com.alibaba.druid.pool.DruidDataSource Line:1002 - {dataSource-1} inited
===2020-09-03 09:56:51.533 INFO  com.alibaba.druid.pool.DruidDataSource Line:1885 - {dataSource-1} closing ...
===2020-09-03 09:56:51.544 INFO  com.alibaba.druid.pool.DruidDataSource Line:1955 - {dataSource-1} closed
===2020-09-03 09:56:51.548 INFO  org.apache.catalina.core.StandardService Line:173 - Stopping service [Tomcat]
===2020-09-03 09:58:57.590 INFO  com.liuye.WyzdzApplication Line:55  - Starting WyzdzApplication on localhost with PID 8431 (/Users/liuhui/Documents/ideaTool/githubWorkSpace/frame/wyzdz/target/classes started by liuhui in /Users/liuhui/Documents/ideaTool/githubWorkSpace/frame)
===2020-09-03 09:58:57.595 INFO  com.liuye.WyzdzApplication Line:651 - No active profile set, falling back to default profiles: default
===2020-09-03 09:58:58.980 INFO  org.apache.coyote.http11.Http11NioProtocol Line:173 - Initializing ProtocolHandler ["http-nio-8080"]
===2020-09-03 09:58:58.981 INFO  org.apache.catalina.core.StandardService Line:173 - Starting service [Tomcat]
===2020-09-03 09:58:58.981 INFO  org.apache.catalina.core.StandardEngine Line:173 - Starting Servlet engine: [Apache Tomcat/9.0.37]
===2020-09-03 09:58:59.089 INFO  org.apache.catalina.core.ContainerBase.[Tomcat].[localhost].[/] Line:173 - Initializing Spring embedded WebApplicationContext
===2020-09-03 09:58:59.326 INFO  com.alibaba.druid.spring.boot.autoconfigure.DruidDataSourceAutoConfigure Line:56  - Init DruidDataSource
===2020-09-03 09:58:59.779 INFO  com.alibaba.druid.pool.DruidDataSource Line:1002 - {dataSource-1} inited
===2020-09-03 09:58:59.800 INFO  com.alibaba.druid.pool.DruidDataSource Line:1885 - {dataSource-1} closing ...
===2020-09-03 09:58:59.820 INFO  com.alibaba.druid.pool.DruidDataSource Line:1955 - {dataSource-1} closed
===2020-09-03 09:58:59.824 INFO  org.apache.catalina.core.StandardService Line:173 - Stopping service [Tomcat]
===2020-09-03 09:59:12.282 INFO  com.liuye.WyzdzApplication Line:55  - Starting WyzdzApplication on localhost with PID 8434 (/Users/liuhui/Documents/ideaTool/githubWorkSpace/frame/wyzdz/target/classes started by liuhui in /Users/liuhui/Documents/ideaTool/githubWorkSpace/frame)
===2020-09-03 09:59:12.286 INFO  com.liuye.WyzdzApplication Line:651 - No active profile set, falling back to default profiles: default
===2020-09-03 09:59:13.711 INFO  org.apache.coyote.http11.Http11NioProtocol Line:173 - Initializing ProtocolHandler ["http-nio-8080"]
===2020-09-03 09:59:13.712 INFO  org.apache.catalina.core.StandardService Line:173 - Starting service [Tomcat]
===2020-09-03 09:59:13.712 INFO  org.apache.catalina.core.StandardEngine Line:173 - Starting Servlet engine: [Apache Tomcat/9.0.37]
===2020-09-03 09:59:13.809 INFO  org.apache.catalina.core.ContainerBase.[Tomcat].[localhost].[/] Line:173 - Initializing Spring embedded WebApplicationContext
===2020-09-03 09:59:14.061 INFO  com.alibaba.druid.spring.boot.autoconfigure.DruidDataSourceAutoConfigure Line:56  - Init DruidDataSource
===2020-09-03 09:59:14.511 INFO  com.alibaba.druid.pool.DruidDataSource Line:1002 - {dataSource-1} inited
===2020-09-03 10:00:10.613 INFO  com.alibaba.druid.pool.DruidDataSource Line:1885 - {dataSource-1} closing ...
===2020-09-03 10:00:10.628 INFO  com.alibaba.druid.pool.DruidDataSource Line:1955 - {dataSource-1} closed
===2020-09-03 10:00:10.633 INFO  org.apache.catalina.core.StandardService Line:173 - Stopping service [Tomcat]
===2020-09-03 10:00:59.434 INFO  com.liuye.WyzdzApplication Line:55  - Starting WyzdzApplication on localhost with PID 8448 (/Users/liuhui/Documents/ideaTool/githubWorkSpace/frame/wyzdz/target/classes started by liuhui in /Users/liuhui/Documents/ideaTool/githubWorkSpace/frame)
===2020-09-03 10:00:59.438 INFO  com.liuye.WyzdzApplication Line:651 - No active profile set, falling back to default profiles: default
===2020-09-03 10:01:01.049 INFO  org.apache.coyote.http11.Http11NioProtocol Line:173 - Initializing ProtocolHandler ["http-nio-8080"]
===2020-09-03 10:01:01.050 INFO  org.apache.catalina.core.StandardService Line:173 - Starting service [Tomcat]
===2020-09-03 10:01:01.050 INFO  org.apache.catalina.core.StandardEngine Line:173 - Starting Servlet engine: [Apache Tomcat/9.0.37]
===2020-09-03 10:01:01.138 INFO  org.apache.catalina.core.ContainerBase.[Tomcat].[localhost].[/] Line:173 - Initializing Spring embedded WebApplicationContext
===2020-09-03 10:01:01.396 INFO  com.alibaba.druid.spring.boot.autoconfigure.DruidDataSourceAutoConfigure Line:56  - Init DruidDataSource
===2020-09-03 10:01:01.877 INFO  com.alibaba.druid.pool.DruidDataSource Line:1002 - {dataSource-1} inited
===2020-09-03 10:01:06.123 INFO  com.alibaba.druid.pool.DruidDataSource Line:1885 - {dataSource-1} closing ...
===2020-09-03 10:01:06.136 INFO  com.alibaba.druid.pool.DruidDataSource Line:1955 - {dataSource-1} closed
===2020-09-03 10:01:06.141 INFO  org.apache.catalina.core.StandardService Line:173 - Stopping service [Tomcat]
===2020-09-03 10:02:01.594 INFO  com.liuye.WyzdzApplication Line:55  - Starting WyzdzApplication on localhost with PID 8473 (/Users/liuhui/Documents/ideaTool/githubWorkSpace/frame/wyzdz/target/classes started by liuhui in /Users/liuhui/Documents/ideaTool/githubWorkSpace/frame)
===2020-09-03 10:02:01.598 INFO  com.liuye.WyzdzApplication Line:651 - No active profile set, falling back to default profiles: default
===2020-09-03 10:02:03.216 INFO  org.apache.coyote.http11.Http11NioProtocol Line:173 - Initializing ProtocolHandler ["http-nio-8080"]
===2020-09-03 10:02:03.217 INFO  org.apache.catalina.core.StandardService Line:173 - Starting service [Tomcat]
===2020-09-03 10:02:03.218 INFO  org.apache.catalina.core.StandardEngine Line:173 - Starting Servlet engine: [Apache Tomcat/9.0.37]
===2020-09-03 10:02:03.301 INFO  org.apache.catalina.core.ContainerBase.[Tomcat].[localhost].[/] Line:173 - Initializing Spring embedded WebApplicationContext
===2020-09-03 10:02:03.560 INFO  com.alibaba.druid.spring.boot.autoconfigure.DruidDataSourceAutoConfigure Line:56  - Init DruidDataSource
===2020-09-03 10:02:04.021 INFO  com.alibaba.druid.pool.DruidDataSource Line:1002 - {dataSource-1} inited
===2020-09-03 10:02:04.052 INFO  com.alibaba.druid.pool.DruidDataSource Line:1885 - {dataSource-1} closing ...
===2020-09-03 10:02:04.062 INFO  com.alibaba.druid.pool.DruidDataSource Line:1955 - {dataSource-1} closed
===2020-09-03 10:02:04.066 INFO  org.apache.catalina.core.StandardService Line:173 - Stopping service [Tomcat]
===2020-09-03 10:09:06.608 INFO  com.liuye.WyzdzApplication Line:55  - Starting WyzdzApplication on localhost with PID 8527 (/Users/liuhui/Documents/ideaTool/githubWorkSpace/frame/wyzdz/target/classes started by liuhui in /Users/liuhui/Documents/ideaTool/githubWorkSpace/frame)
===2020-09-03 10:09:06.613 INFO  com.liuye.WyzdzApplication Line:651 - No active profile set, falling back to default profiles: default
===2020-09-03 10:09:08.048 INFO  org.apache.coyote.http11.Http11NioProtocol Line:173 - Initializing ProtocolHandler ["http-nio-8080"]
===2020-09-03 10:09:08.049 INFO  org.apache.catalina.core.StandardService Line:173 - Starting service [Tomcat]
===2020-09-03 10:09:08.050 INFO  org.apache.catalina.core.StandardEngine Line:173 - Starting Servlet engine: [Apache Tomcat/9.0.37]
===2020-09-03 10:09:08.147 INFO  org.apache.catalina.core.ContainerBase.[Tomcat].[localhost].[/] Line:173 - Initializing Spring embedded WebApplicationContext
===2020-09-03 10:09:08.462 INFO  com.alibaba.druid.spring.boot.autoconfigure.DruidDataSourceAutoConfigure Line:56  - Init DruidDataSource
===2020-09-03 10:09:08.962 INFO  com.alibaba.druid.pool.DruidDataSource Line:1002 - {dataSource-1} inited
===2020-09-03 10:09:09.000 INFO  com.alibaba.druid.pool.DruidDataSource Line:1885 - {dataSource-1} closing ...
===2020-09-03 10:09:09.010 INFO  com.alibaba.druid.pool.DruidDataSource Line:1955 - {dataSource-1} closed
===2020-09-03 10:09:09.014 INFO  org.apache.catalina.core.StandardService Line:173 - Stopping service [Tomcat]
===2020-09-03 10:11:46.051 INFO  com.liuye.WyzdzApplication Line:55  - Starting WyzdzApplication on localhost with PID 8548 (/Users/liuhui/Documents/ideaTool/githubWorkSpace/frame/wyzdz/target/classes started by liuhui in /Users/liuhui/Documents/ideaTool/githubWorkSpace/frame)
===2020-09-03 10:11:46.058 INFO  com.liuye.WyzdzApplication Line:651 - No active profile set, falling back to default profiles: default
===2020-09-03 10:11:47.663 INFO  org.apache.coyote.http11.Http11NioProtocol Line:173 - Initializing ProtocolHandler ["http-nio-8080"]
===2020-09-03 10:11:47.663 INFO  org.apache.catalina.core.StandardService Line:173 - Starting service [Tomcat]
===2020-09-03 10:11:47.664 INFO  org.apache.catalina.core.StandardEngine Line:173 - Starting Servlet engine: [Apache Tomcat/9.0.37]
===2020-09-03 10:11:47.748 INFO  org.apache.catalina.core.ContainerBase.[Tomcat].[localhost].[/] Line:173 - Initializing Spring embedded WebApplicationContext
===2020-09-03 10:11:48.003 INFO  com.alibaba.druid.spring.boot.autoconfigure.DruidDataSourceAutoConfigure Line:56  - Init DruidDataSource
===2020-09-03 10:11:48.467 INFO  com.alibaba.druid.pool.DruidDataSource Line:1002 - {dataSource-1} inited
===2020-09-03 10:12:01.402 INFO  com.alibaba.druid.pool.DruidDataSource Line:1885 - {dataSource-1} closing ...
===2020-09-03 10:12:01.415 INFO  com.alibaba.druid.pool.DruidDataSource Line:1955 - {dataSource-1} closed
===2020-09-03 10:12:01.421 INFO  org.apache.catalina.core.StandardService Line:173 - Stopping service [Tomcat]
===2020-09-03 10:14:22.409 INFO  com.liuye.WyzdzApplication Line:55  - Starting WyzdzApplication on localhost with PID 8568 (/Users/liuhui/Documents/ideaTool/githubWorkSpace/frame/wyzdz/target/classes started by liuhui in /Users/liuhui/Documents/ideaTool/githubWorkSpace/frame)
===2020-09-03 10:14:22.414 INFO  com.liuye.WyzdzApplication Line:651 - No active profile set, falling back to default profiles: default
===2020-09-03 10:14:23.875 INFO  org.apache.coyote.http11.Http11NioProtocol Line:173 - Initializing ProtocolHandler ["http-nio-8080"]
===2020-09-03 10:14:23.877 INFO  org.apache.catalina.core.StandardService Line:173 - Starting service [Tomcat]
===2020-09-03 10:14:23.878 INFO  org.apache.catalina.core.StandardEngine Line:173 - Starting Servlet engine: [Apache Tomcat/9.0.37]
===2020-09-03 10:14:23.994 INFO  org.apache.catalina.core.ContainerBase.[Tomcat].[localhost].[/] Line:173 - Initializing Spring embedded WebApplicationContext
===2020-09-03 10:14:24.315 INFO  com.alibaba.druid.spring.boot.autoconfigure.DruidDataSourceAutoConfigure Line:56  - Init DruidDataSource
===2020-09-03 10:14:24.784 INFO  com.alibaba.druid.pool.DruidDataSource Line:1002 - {dataSource-1} inited
===2020-09-03 10:14:24.816 INFO  com.alibaba.druid.pool.DruidDataSource Line:1885 - {dataSource-1} closing ...
===2020-09-03 10:14:24.825 INFO  com.alibaba.druid.pool.DruidDataSource Line:1955 - {dataSource-1} closed
===2020-09-03 10:14:24.829 INFO  org.apache.catalina.core.StandardService Line:173 - Stopping service [Tomcat]
===2020-09-03 10:27:36.500 INFO  com.liuye.WyzdzApplication Line:55  - Starting WyzdzApplication on localhost with PID 8670 (/Users/liuhui/Documents/ideaTool/githubWorkSpace/frame/wyzdz/target/classes started by liuhui in /Users/liuhui/Documents/ideaTool/githubWorkSpace/frame)
===2020-09-03 10:27:36.504 INFO  com.liuye.WyzdzApplication Line:651 - No active profile set, falling back to default profiles: default
===2020-09-03 10:27:38.126 INFO  org.apache.coyote.http11.Http11NioProtocol Line:173 - Initializing ProtocolHandler ["http-nio-8080"]
===2020-09-03 10:27:38.127 INFO  org.apache.catalina.core.StandardService Line:173 - Starting service [Tomcat]
===2020-09-03 10:27:38.128 INFO  org.apache.catalina.core.StandardEngine Line:173 - Starting Servlet engine: [Apache Tomcat/9.0.37]
===2020-09-03 10:27:38.228 INFO  org.apache.catalina.core.ContainerBase.[Tomcat].[localhost].[/] Line:173 - Initializing Spring embedded WebApplicationContext
===2020-09-03 10:27:38.505 INFO  com.alibaba.druid.spring.boot.autoconfigure.DruidDataSourceAutoConfigure Line:56  - Init DruidDataSource
===2020-09-03 10:27:39.036 INFO  com.alibaba.druid.pool.DruidDataSource Line:1002 - {dataSource-1} inited
===2020-09-03 10:27:39.077 INFO  com.alibaba.druid.pool.DruidDataSource Line:1885 - {dataSource-1} closing ...
===2020-09-03 10:27:39.087 INFO  com.alibaba.druid.pool.DruidDataSource Line:1955 - {dataSource-1} closed
===2020-09-03 10:27:39.091 INFO  org.apache.catalina.core.StandardService Line:173 - Stopping service [Tomcat]
===2020-09-03 10:28:08.719 INFO  com.liuye.WyzdzApplication Line:55  - Starting WyzdzApplication on localhost with PID 8676 (/Users/liuhui/Documents/ideaTool/githubWorkSpace/frame/wyzdz/target/classes started by liuhui in /Users/liuhui/Documents/ideaTool/githubWorkSpace/frame)
===2020-09-03 10:28:08.724 INFO  com.liuye.WyzdzApplication Line:651 - No active profile set, falling back to default profiles: default
===2020-09-03 10:28:10.242 INFO  org.apache.coyote.http11.Http11NioProtocol Line:173 - Initializing ProtocolHandler ["http-nio-8080"]
===2020-09-03 10:28:10.243 INFO  org.apache.catalina.core.StandardService Line:173 - Starting service [Tomcat]
===2020-09-03 10:28:10.243 INFO  org.apache.catalina.core.StandardEngine Line:173 - Starting Servlet engine: [Apache Tomcat/9.0.37]
===2020-09-03 10:28:10.326 INFO  org.apache.catalina.core.ContainerBase.[Tomcat].[localhost].[/] Line:173 - Initializing Spring embedded WebApplicationContext
===2020-09-03 10:28:10.576 INFO  com.alibaba.druid.spring.boot.autoconfigure.DruidDataSourceAutoConfigure Line:56  - Init DruidDataSource
===2020-09-03 10:28:11.019 INFO  com.alibaba.druid.pool.DruidDataSource Line:1002 - {dataSource-1} inited
===2020-09-03 10:28:17.634 INFO  com.alibaba.druid.pool.DruidDataSource Line:1885 - {dataSource-1} closing ...
===2020-09-03 10:28:17.645 INFO  com.alibaba.druid.pool.DruidDataSource Line:1955 - {dataSource-1} closed
===2020-09-03 10:28:17.650 INFO  org.apache.catalina.core.StandardService Line:173 - Stopping service [Tomcat]
===2020-09-03 10:28:50.564 INFO  com.liuye.WyzdzApplication Line:55  - Starting WyzdzApplication on localhost with PID 8682 (/Users/liuhui/Documents/ideaTool/githubWorkSpace/frame/wyzdz/target/classes started by liuhui in /Users/liuhui/Documents/ideaTool/githubWorkSpace/frame)
===2020-09-03 10:28:50.569 INFO  com.liuye.WyzdzApplication Line:651 - No active profile set, falling back to default profiles: default
===2020-09-03 10:28:52.217 INFO  org.apache.coyote.http11.Http11NioProtocol Line:173 - Initializing ProtocolHandler ["http-nio-8080"]
===2020-09-03 10:28:52.218 INFO  org.apache.catalina.core.StandardService Line:173 - Starting service [Tomcat]
===2020-09-03 10:28:52.218 INFO  org.apache.catalina.core.StandardEngine Line:173 - Starting Servlet engine: [Apache Tomcat/9.0.37]
===2020-09-03 10:28:52.301 INFO  org.apache.catalina.core.ContainerBase.[Tomcat].[localhost].[/] Line:173 - Initializing Spring embedded WebApplicationContext
===2020-09-03 10:28:52.556 INFO  com.alibaba.druid.spring.boot.autoconfigure.DruidDataSourceAutoConfigure Line:56  - Init DruidDataSource
===2020-09-03 10:28:53.010 INFO  com.alibaba.druid.pool.DruidDataSource Line:1002 - {dataSource-1} inited
===2020-09-03 10:28:53.043 INFO  com.alibaba.druid.pool.DruidDataSource Line:1885 - {dataSource-1} closing ...
===2020-09-03 10:28:53.054 INFO  com.alibaba.druid.pool.DruidDataSource Line:1955 - {dataSource-1} closed
===2020-09-03 10:28:53.057 INFO  org.apache.catalina.core.StandardService Line:173 - Stopping service [Tomcat]
===2020-09-03 10:29:28.905 INFO  com.liuye.WyzdzApplication Line:55  - Starting WyzdzApplication on localhost with PID 8689 (/Users/liuhui/Documents/ideaTool/githubWorkSpace/frame/wyzdz/target/classes started by liuhui in /Users/liuhui/Documents/ideaTool/githubWorkSpace/frame)
===2020-09-03 10:29:28.910 INFO  com.liuye.WyzdzApplication Line:651 - No active profile set, falling back to default profiles: default
===2020-09-03 10:29:30.389 INFO  org.apache.coyote.http11.Http11NioProtocol Line:173 - Initializing ProtocolHandler ["http-nio-8080"]
===2020-09-03 10:29:30.390 INFO  org.apache.catalina.core.StandardService Line:173 - Starting service [Tomcat]
===2020-09-03 10:29:30.390 INFO  org.apache.catalina.core.StandardEngine Line:173 - Starting Servlet engine: [Apache Tomcat/9.0.37]
===2020-09-03 10:29:30.475 INFO  org.apache.catalina.core.ContainerBase.[Tomcat].[localhost].[/] Line:173 - Initializing Spring embedded WebApplicationContext
===2020-09-03 10:29:30.726 INFO  com.alibaba.druid.spring.boot.autoconfigure.DruidDataSourceAutoConfigure Line:56  - Init DruidDataSource
===2020-09-03 10:29:31.186 INFO  com.alibaba.druid.pool.DruidDataSource Line:1002 - {dataSource-1} inited
===2020-09-03 10:29:47.339 INFO  com.alibaba.druid.pool.DruidDataSource Line:1885 - {dataSource-1} closing ...
===2020-09-03 10:29:47.353 INFO  com.alibaba.druid.pool.DruidDataSource Line:1955 - {dataSource-1} closed
===2020-09-03 10:29:47.357 INFO  org.apache.catalina.core.StandardService Line:173 - Stopping service [Tomcat]
===2020-09-03 10:39:42.213 INFO  com.liuye.WyzdzApplication Line:55  - Starting WyzdzApplication on localhost with PID 8772 (/Users/liuhui/Documents/ideaTool/githubWorkSpace/frame/wyzdz/target/classes started by liuhui in /Users/liuhui/Documents/ideaTool/githubWorkSpace/frame)
===2020-09-03 10:39:42.217 INFO  com.liuye.WyzdzApplication Line:651 - No active profile set, falling back to default profiles: default
===2020-09-03 10:39:43.692 INFO  org.apache.coyote.http11.Http11NioProtocol Line:173 - Initializing ProtocolHandler ["http-nio-8080"]
===2020-09-03 10:39:43.693 INFO  org.apache.catalina.core.StandardService Line:173 - Starting service [Tomcat]
===2020-09-03 10:39:43.694 INFO  org.apache.catalina.core.StandardEngine Line:173 - Starting Servlet engine: [Apache Tomcat/9.0.37]
===2020-09-03 10:39:43.780 INFO  org.apache.catalina.core.ContainerBase.[Tomcat].[localhost].[/] Line:173 - Initializing Spring embedded WebApplicationContext
===2020-09-03 10:39:44.049 INFO  com.alibaba.druid.spring.boot.autoconfigure.DruidDataSourceAutoConfigure Line:56  - Init DruidDataSource
===2020-09-03 10:39:44.549 INFO  com.alibaba.druid.pool.DruidDataSource Line:1002 - {dataSource-1} inited
===2020-09-03 10:39:44.593 INFO  com.alibaba.druid.pool.DruidDataSource Line:1885 - {dataSource-1} closing ...
===2020-09-03 10:39:44.604 INFO  com.alibaba.druid.pool.DruidDataSource Line:1955 - {dataSource-1} closed
===2020-09-03 10:39:44.608 INFO  org.apache.catalina.core.StandardService Line:173 - Stopping service [Tomcat]
===2020-09-03 10:40:11.657 INFO  com.liuye.WyzdzApplication Line:55  - Starting WyzdzApplication on MacBook-Pro.local with PID 8789 (/Users/liuhui/Documents/ideaTool/githubWorkSpace/frame/wyzdz/target/classes started by liuhui in /Users/liuhui/Documents/ideaTool/githubWorkSpace/frame)
===2020-09-03 10:40:11.669 INFO  com.liuye.WyzdzApplication Line:651 - No active profile set, falling back to default profiles: default
===2020-09-03 10:40:13.437 INFO  org.apache.coyote.http11.Http11NioProtocol Line:173 - Initializing ProtocolHandler ["http-nio-8080"]
===2020-09-03 10:40:13.438 INFO  org.apache.catalina.core.StandardService Line:173 - Starting service [Tomcat]
===2020-09-03 10:40:13.439 INFO  org.apache.catalina.core.StandardEngine Line:173 - Starting Servlet engine: [Apache Tomcat/9.0.37]
===2020-09-03 10:40:13.551 INFO  org.apache.catalina.core.ContainerBase.[Tomcat].[localhost].[/] Line:173 - Initializing Spring embedded WebApplicationContext
===2020-09-03 10:40:13.874 INFO  com.alibaba.druid.spring.boot.autoconfigure.DruidDataSourceAutoConfigure Line:56  - Init DruidDataSource
===2020-09-03 10:40:14.491 INFO  com.alibaba.druid.pool.DruidDataSource Line:1002 - {dataSource-1} inited
===2020-09-03 10:40:15.445 INFO  com.alibaba.druid.pool.DruidDataSource Line:1885 - {dataSource-1} closing ...
===2020-09-03 10:40:15.466 INFO  com.alibaba.druid.pool.DruidDataSource Line:1955 - {dataSource-1} closed
===2020-09-03 10:40:15.472 INFO  org.apache.catalina.core.StandardService Line:173 - Stopping service [Tomcat]
===2020-09-03 10:40:43.462 INFO  com.liuye.WyzdzApplication Line:55  - Starting WyzdzApplication on MacBook-Pro.local with PID 8794 (/Users/liuhui/Documents/ideaTool/githubWorkSpace/frame/wyzdz/target/classes started by liuhui in /Users/liuhui/Documents/ideaTool/githubWorkSpace/frame)
===2020-09-03 10:40:43.466 INFO  com.liuye.WyzdzApplication Line:651 - No active profile set, falling back to default profiles: default
===2020-09-03 10:40:44.957 INFO  org.apache.coyote.http11.Http11NioProtocol Line:173 - Initializing ProtocolHandler ["http-nio-8080"]
===2020-09-03 10:40:44.958 INFO  org.apache.catalina.core.StandardService Line:173 - Starting service [Tomcat]
===2020-09-03 10:40:44.958 INFO  org.apache.catalina.core.StandardEngine Line:173 - Starting Servlet engine: [Apache Tomcat/9.0.37]
===2020-09-03 10:40:45.048 INFO  org.apache.catalina.core.ContainerBase.[Tomcat].[localhost].[/] Line:173 - Initializing Spring embedded WebApplicationContext
===2020-09-03 10:40:45.740 INFO  com.alibaba.druid.spring.boot.autoconfigure.DruidDataSourceAutoConfigure Line:56  - Init DruidDataSource
===2020-09-03 10:40:46.403 INFO  com.alibaba.druid.pool.DruidDataSource Line:1002 - {dataSource-1} inited
===2020-09-03 10:40:46.761 INFO  com.alibaba.druid.pool.DruidDataSource Line:1885 - {dataSource-1} closing ...
===2020-09-03 10:40:46.771 INFO  com.alibaba.druid.pool.DruidDataSource Line:1955 - {dataSource-1} closed
===2020-09-03 10:40:46.774 INFO  org.apache.catalina.core.StandardService Line:173 - Stopping service [Tomcat]
===2020-09-03 10:43:55.967 INFO  com.liuye.WyzdzApplication Line:55  - Starting WyzdzApplication on MacBook-Pro.local with PID 8818 (/Users/liuhui/Documents/ideaTool/githubWorkSpace/frame/wyzdz/target/classes started by liuhui in /Users/liuhui/Documents/ideaTool/githubWorkSpace/frame)
===2020-09-03 10:43:55.972 INFO  com.liuye.WyzdzApplication Line:651 - No active profile set, falling back to default profiles: default
===2020-09-03 10:43:57.380 INFO  org.apache.coyote.http11.Http11NioProtocol Line:173 - Initializing ProtocolHandler ["http-nio-8080"]
===2020-09-03 10:43:57.381 INFO  org.apache.catalina.core.StandardService Line:173 - Starting service [Tomcat]
===2020-09-03 10:43:57.381 INFO  org.apache.catalina.core.StandardEngine Line:173 - Starting Servlet engine: [Apache Tomcat/9.0.37]
===2020-09-03 10:43:57.465 INFO  org.apache.catalina.core.ContainerBase.[Tomcat].[localhost].[/] Line:173 - Initializing Spring embedded WebApplicationContext
===2020-09-03 10:43:57.711 INFO  com.alibaba.druid.spring.boot.autoconfigure.DruidDataSourceAutoConfigure Line:56  - Init DruidDataSource
===2020-09-03 10:43:58.177 INFO  com.alibaba.druid.pool.DruidDataSource Line:1002 - {dataSource-1} inited
===2020-09-03 10:44:02.604 INFO  com.alibaba.druid.pool.DruidDataSource Line:1885 - {dataSource-1} closing ...
===2020-09-03 10:44:02.614 INFO  com.alibaba.druid.pool.DruidDataSource Line:1955 - {dataSource-1} closed
===2020-09-03 10:44:02.617 INFO  org.apache.catalina.core.StandardService Line:173 - Stopping service [Tomcat]
===2020-09-03 10:44:25.450 INFO  com.liuye.WyzdzApplication Line:55  - Starting WyzdzApplication on MacBook-Pro.local with PID 8823 (/Users/liuhui/Documents/ideaTool/githubWorkSpace/frame/wyzdz/target/classes started by liuhui in /Users/liuhui/Documents/ideaTool/githubWorkSpace/frame)
===2020-09-03 10:44:25.455 INFO  com.liuye.WyzdzApplication Line:651 - No active profile set, falling back to default profiles: default
===2020-09-03 10:44:26.968 INFO  org.apache.coyote.http11.Http11NioProtocol Line:173 - Initializing ProtocolHandler ["http-nio-8080"]
===2020-09-03 10:44:26.977 INFO  org.apache.catalina.core.StandardService Line:173 - Starting service [Tomcat]
===2020-09-03 10:44:26.978 INFO  org.apache.catalina.core.StandardEngine Line:173 - Starting Servlet engine: [Apache Tomcat/9.0.37]
===2020-09-03 10:44:27.067 INFO  org.apache.catalina.core.ContainerBase.[Tomcat].[localhost].[/] Line:173 - Initializing Spring embedded WebApplicationContext
===2020-09-03 10:44:27.304 INFO  com.alibaba.druid.spring.boot.autoconfigure.DruidDataSourceAutoConfigure Line:56  - Init DruidDataSource
===2020-09-03 10:44:27.775 INFO  com.alibaba.druid.pool.DruidDataSource Line:1002 - {dataSource-1} inited
===2020-09-03 10:44:28.360 INFO  com.alibaba.druid.pool.DruidDataSource Line:1885 - {dataSource-1} closing ...
===2020-09-03 10:44:28.373 INFO  com.alibaba.druid.pool.DruidDataSource Line:1955 - {dataSource-1} closed
===2020-09-03 10:44:28.378 INFO  org.apache.catalina.core.StandardService Line:173 - Stopping service [Tomcat]
===2020-09-03 10:53:59.815 INFO  com.liuye.WyzdzApplication Line:55  - Starting WyzdzApplication on MacBook-Pro.local with PID 8937 (/Users/liuhui/Documents/ideaTool/githubWorkSpace/frame/wyzdz/target/classes started by liuhui in /Users/liuhui/Documents/ideaTool/githubWorkSpace/frame)
===2020-09-03 10:53:59.821 INFO  com.liuye.WyzdzApplication Line:651 - No active profile set, falling back to default profiles: default
===2020-09-03 10:54:01.569 INFO  org.apache.coyote.http11.Http11NioProtocol Line:173 - Initializing ProtocolHandler ["http-nio-8080"]
===2020-09-03 10:54:01.570 INFO  org.apache.catalina.core.StandardService Line:173 - Starting service [Tomcat]
===2020-09-03 10:54:01.571 INFO  org.apache.catalina.core.StandardEngine Line:173 - Starting Servlet engine: [Apache Tomcat/9.0.37]
===2020-09-03 10:54:01.690 INFO  org.apache.catalina.core.ContainerBase.[Tomcat].[localhost].[/] Line:173 - Initializing Spring embedded WebApplicationContext
===2020-09-03 10:54:02.041 INFO  com.alibaba.druid.spring.boot.autoconfigure.DruidDataSourceAutoConfigure Line:56  - Init DruidDataSource
===2020-09-03 10:54:02.697 INFO  com.alibaba.druid.pool.DruidDataSource Line:1002 - {dataSource-1} inited
===2020-09-03 10:54:02.730 INFO  com.alibaba.druid.pool.DruidDataSource Line:1885 - {dataSource-1} closing ...
===2020-09-03 10:54:02.744 INFO  com.alibaba.druid.pool.DruidDataSource Line:1955 - {dataSource-1} closed
===2020-09-03 10:54:02.749 INFO  org.apache.catalina.core.StandardService Line:173 - Stopping service [Tomcat]
===2020-09-03 10:56:09.379 INFO  com.liuye.WyzdzApplication Line:55  - Starting WyzdzApplication on MacBook-Pro.local with PID 8952 (/Users/liuhui/Documents/ideaTool/githubWorkSpace/frame/wyzdz/target/classes started by liuhui in /Users/liuhui/Documents/ideaTool/githubWorkSpace/frame)
===2020-09-03 10:56:09.384 INFO  com.liuye.WyzdzApplication Line:651 - No active profile set, falling back to default profiles: default
===2020-09-03 10:56:11.203 INFO  org.apache.coyote.http11.Http11NioProtocol Line:173 - Initializing ProtocolHandler ["http-nio-8080"]
===2020-09-03 10:56:11.204 INFO  org.apache.catalina.core.StandardService Line:173 - Starting service [Tomcat]
===2020-09-03 10:56:11.205 INFO  org.apache.catalina.core.StandardEngine Line:173 - Starting Servlet engine: [Apache Tomcat/9.0.37]
===2020-09-03 10:56:11.294 INFO  org.apache.catalina.core.ContainerBase.[Tomcat].[localhost].[/] Line:173 - Initializing Spring embedded WebApplicationContext
===2020-09-03 10:56:11.534 INFO  com.alibaba.druid.spring.boot.autoconfigure.DruidDataSourceAutoConfigure Line:56  - Init DruidDataSource
===2020-09-03 10:56:12.111 INFO  com.alibaba.druid.pool.DruidDataSource Line:1002 - {dataSource-1} inited
===2020-09-03 10:56:12.140 INFO  com.alibaba.druid.pool.DruidDataSource Line:1885 - {dataSource-1} closing ...
===2020-09-03 10:56:12.153 INFO  com.alibaba.druid.pool.DruidDataSource Line:1955 - {dataSource-1} closed
===2020-09-03 10:56:12.159 INFO  org.apache.catalina.core.StandardService Line:173 - Stopping service [Tomcat]
===2020-09-03 10:57:29.844 INFO  com.liuye.WyzdzApplication Line:55  - Starting WyzdzApplication on MacBook-Pro.local with PID 8963 (/Users/liuhui/Documents/ideaTool/githubWorkSpace/frame/wyzdz/target/classes started by liuhui in /Users/liuhui/Documents/ideaTool/githubWorkSpace/frame)
===2020-09-03 10:57:29.849 INFO  com.liuye.WyzdzApplication Line:651 - No active profile set, falling back to default profiles: default
===2020-09-03 10:57:31.234 INFO  org.apache.coyote.http11.Http11NioProtocol Line:173 - Initializing ProtocolHandler ["http-nio-8080"]
===2020-09-03 10:57:31.235 INFO  org.apache.catalina.core.StandardService Line:173 - Starting service [Tomcat]
===2020-09-03 10:57:31.235 INFO  org.apache.catalina.core.StandardEngine Line:173 - Starting Servlet engine: [Apache Tomcat/9.0.37]
===2020-09-03 10:57:31.332 INFO  org.apache.catalina.core.ContainerBase.[Tomcat].[localhost].[/] Line:173 - Initializing Spring embedded WebApplicationContext
===2020-09-03 10:57:31.576 INFO  com.alibaba.druid.spring.boot.autoconfigure.DruidDataSourceAutoConfigure Line:56  - Init DruidDataSource
===2020-09-03 10:57:32.044 INFO  com.alibaba.druid.pool.DruidDataSource Line:1002 - {dataSource-1} inited
===2020-09-03 10:57:32.067 INFO  com.alibaba.druid.pool.DruidDataSource Line:1885 - {dataSource-1} closing ...
===2020-09-03 10:57:32.077 INFO  com.alibaba.druid.pool.DruidDataSource Line:1955 - {dataSource-1} closed
===2020-09-03 10:57:32.080 INFO  org.apache.catalina.core.StandardService Line:173 - Stopping service [Tomcat]
===2020-09-03 11:01:40.411 INFO  com.liuye.WyzdzApplication Line:55  - Starting WyzdzApplication on MacBook-Pro.local with PID 9003 (/Users/liuhui/Documents/ideaTool/githubWorkSpace/frame/wyzdz/target/classes started by liuhui in /Users/liuhui/Documents/ideaTool/githubWorkSpace/frame)
===2020-09-03 11:01:40.415 INFO  com.liuye.WyzdzApplication Line:651 - No active profile set, falling back to default profiles: default
===2020-09-03 11:01:41.769 INFO  org.apache.coyote.http11.Http11NioProtocol Line:173 - Initializing ProtocolHandler ["http-nio-8080"]
===2020-09-03 11:01:41.769 INFO  org.apache.catalina.core.StandardService Line:173 - Starting service [Tomcat]
===2020-09-03 11:01:41.770 INFO  org.apache.catalina.core.StandardEngine Line:173 - Starting Servlet engine: [Apache Tomcat/9.0.37]
===2020-09-03 11:01:41.870 INFO  org.apache.catalina.core.ContainerBase.[Tomcat].[localhost].[/] Line:173 - Initializing Spring embedded WebApplicationContext
===2020-09-03 11:01:42.103 INFO  com.alibaba.druid.spring.boot.autoconfigure.DruidDataSourceAutoConfigure Line:56  - Init DruidDataSource
===2020-09-03 11:01:42.542 INFO  com.alibaba.druid.pool.DruidDataSource Line:1002 - {dataSource-1} inited
===2020-09-03 11:01:43.102 INFO  com.alibaba.druid.pool.DruidDataSource Line:1885 - {dataSource-1} closing ...
===2020-09-03 11:01:43.116 INFO  com.alibaba.druid.pool.DruidDataSource Line:1955 - {dataSource-1} closed
===2020-09-03 11:01:43.121 INFO  org.apache.catalina.core.StandardService Line:173 - Stopping service [Tomcat]
===2020-09-03 11:09:22.719 INFO  com.liuye.WyzdzApplication Line:55  - Starting WyzdzApplication on MacBook-Pro.local with PID 9067 (/Users/liuhui/Documents/ideaTool/githubWorkSpace/frame/wyzdz/target/classes started by liuhui in /Users/liuhui/Documents/ideaTool/githubWorkSpace/frame)
===2020-09-03 11:09:22.723 INFO  com.liuye.WyzdzApplication Line:651 - No active profile set, falling back to default profiles: default
===2020-09-03 11:09:24.073 INFO  org.apache.coyote.http11.Http11NioProtocol Line:173 - Initializing ProtocolHandler ["http-nio-8080"]
===2020-09-03 11:09:24.074 INFO  org.apache.catalina.core.StandardService Line:173 - Starting service [Tomcat]
===2020-09-03 11:09:24.074 INFO  org.apache.catalina.core.StandardEngine Line:173 - Starting Servlet engine: [Apache Tomcat/9.0.37]
===2020-09-03 11:09:24.170 INFO  org.apache.catalina.core.ContainerBase.[Tomcat].[localhost].[/] Line:173 - Initializing Spring embedded WebApplicationContext
===2020-09-03 11:09:24.406 INFO  com.alibaba.druid.spring.boot.autoconfigure.DruidDataSourceAutoConfigure Line:56  - Init DruidDataSource
===2020-09-03 11:09:24.905 INFO  com.alibaba.druid.pool.DruidDataSource Line:1002 - {dataSource-1} inited
===2020-09-03 11:09:25.599 INFO  org.apache.coyote.http11.Http11NioProtocol Line:173 - Starting ProtocolHandler ["http-nio-8080"]
===2020-09-03 11:09:25.653 INFO  com.liuye.WyzdzApplication Line:61  - Started WyzdzApplication in 3.69 seconds (JVM running for 4.255)
===2020-09-03 11:09:32.982 INFO  org.apache.catalina.core.ContainerBase.[Tomcat].[localhost].[/] Line:173 - Initializing Spring DispatcherServlet 'dispatcherServlet'
===2020-09-03 11:10:06.871 INFO  com.alibaba.druid.pool.DruidDataSource Line:1885 - {dataSource-1} closing ...
===2020-09-03 11:10:06.881 INFO  com.alibaba.druid.pool.DruidDataSource Line:1955 - {dataSource-1} closed
===2020-09-03 11:10:11.120 INFO  com.liuye.WyzdzApplication Line:55  - Starting WyzdzApplication on MacBook-Pro.local with PID 9078 (/Users/liuhui/Documents/ideaTool/githubWorkSpace/frame/wyzdz/target/classes started by liuhui in /Users/liuhui/Documents/ideaTool/githubWorkSpace/frame)
===2020-09-03 11:10:11.125 INFO  com.liuye.WyzdzApplication Line:651 - No active profile set, falling back to default profiles: default
===2020-09-03 11:10:12.524 INFO  org.apache.coyote.http11.Http11NioProtocol Line:173 - Initializing ProtocolHandler ["http-nio-8080"]
===2020-09-03 11:10:12.525 INFO  org.apache.catalina.core.StandardService Line:173 - Starting service [Tomcat]
===2020-09-03 11:10:12.526 INFO  org.apache.catalina.core.StandardEngine Line:173 - Starting Servlet engine: [Apache Tomcat/9.0.37]
===2020-09-03 11:10:12.613 INFO  org.apache.catalina.core.ContainerBase.[Tomcat].[localhost].[/] Line:173 - Initializing Spring embedded WebApplicationContext
===2020-09-03 11:10:12.862 INFO  com.alibaba.druid.spring.boot.autoconfigure.DruidDataSourceAutoConfigure Line:56  - Init DruidDataSource
===2020-09-03 11:10:13.342 INFO  com.alibaba.druid.pool.DruidDataSource Line:1002 - {dataSource-1} inited
===2020-09-03 11:10:13.958 INFO  com.alibaba.druid.pool.DruidDataSource Line:1885 - {dataSource-1} closing ...
===2020-09-03 11:10:13.972 INFO  com.alibaba.druid.pool.DruidDataSource Line:1955 - {dataSource-1} closed
===2020-09-03 11:10:13.978 INFO  org.apache.catalina.core.StandardService Line:173 - Stopping service [Tomcat]
===2020-09-03 11:11:34.130 INFO  com.liuye.WyzdzApplication Line:55  - Starting WyzdzApplication on MacBook-Pro.local with PID 9088 (/Users/liuhui/Documents/ideaTool/githubWorkSpace/frame/wyzdz/target/classes started by liuhui in /Users/liuhui/Documents/ideaTool/githubWorkSpace/frame)
===2020-09-03 11:11:34.134 INFO  com.liuye.WyzdzApplication Line:651 - No active profile set, falling back to default profiles: default
===2020-09-03 11:11:35.395 INFO  org.apache.coyote.http11.Http11NioProtocol Line:173 - Initializing ProtocolHandler ["http-nio-8080"]
===2020-09-03 11:11:35.395 INFO  org.apache.catalina.core.StandardService Line:173 - Starting service [Tomcat]
===2020-09-03 11:11:35.396 INFO  org.apache.catalina.core.StandardEngine Line:173 - Starting Servlet engine: [Apache Tomcat/9.0.37]
===2020-09-03 11:11:35.496 INFO  org.apache.catalina.core.ContainerBase.[Tomcat].[localhost].[/] Line:173 - Initializing Spring embedded WebApplicationContext
===2020-09-03 11:11:35.745 INFO  com.alibaba.druid.spring.boot.autoconfigure.DruidDataSourceAutoConfigure Line:56  - Init DruidDataSource
===2020-09-03 11:11:36.208 INFO  com.alibaba.druid.pool.DruidDataSource Line:1002 - {dataSource-1} inited
===2020-09-03 11:11:36.894 INFO  org.apache.coyote.http11.Http11NioProtocol Line:173 - Starting ProtocolHandler ["http-nio-8080"]
===2020-09-03 11:11:36.947 INFO  com.liuye.WyzdzApplication Line:61  - Started WyzdzApplication in 3.445 seconds (JVM running for 4.121)
===2020-09-03 11:11:41.187 INFO  org.apache.catalina.core.ContainerBase.[Tomcat].[localhost].[/] Line:173 - Initializing Spring DispatcherServlet 'dispatcherServlet'
===2020-09-03 11:11:41.302 INFO  com.liuye.security.client.BrowserSecurityController Line:59  - 引发跳转的请求是:http://localhost:8080/login.html
===2020-09-03 11:11:45.649 INFO  com.liuye.security.client.BrowserSecurityController Line:59  - 引发跳转的请求是:http://localhost:8080/login.html
===2020-09-03 11:11:52.786 INFO  com.liuye.security.client.BrowserSecurityController Line:59  - 引发跳转的请求是:http://localhost:8080/authentication/require.html
===2020-09-03 11:12:32.936 INFO  com.liuye.security.client.BrowserSecurityController Line:59  - 引发跳转的请求是:http://localhost:8080/demo-signIn.html
===2020-09-03 11:13:13.645 INFO  com.alibaba.druid.pool.DruidDataSource Line:1885 - {dataSource-1} closing ...
===2020-09-03 11:13:13.659 INFO  com.alibaba.druid.pool.DruidDataSource Line:1955 - {dataSource-1} closed
===2020-09-03 11:13:16.260 INFO  com.liuye.WyzdzApplication Line:55  - Starting WyzdzApplication on MacBook-Pro.local with PID 9109 (/Users/liuhui/Documents/ideaTool/githubWorkSpace/frame/wyzdz/target/classes started by liuhui in /Users/liuhui/Documents/ideaTool/githubWorkSpace/frame)
===2020-09-03 11:13:16.264 INFO  com.liuye.WyzdzApplication Line:651 - No active profile set, falling back to default profiles: default
===2020-09-03 11:13:17.717 INFO  org.apache.coyote.http11.Http11NioProtocol Line:173 - Initializing ProtocolHandler ["http-nio-8080"]
===2020-09-03 11:13:17.718 INFO  org.apache.catalina.core.StandardService Line:173 - Starting service [Tomcat]
===2020-09-03 11:13:17.719 INFO  org.apache.catalina.core.StandardEngine Line:173 - Starting Servlet engine: [Apache Tomcat/9.0.37]
===2020-09-03 11:13:17.802 INFO  org.apache.catalina.core.ContainerBase.[Tomcat].[localhost].[/] Line:173 - Initializing Spring embedded WebApplicationContext
===2020-09-03 11:13:18.048 INFO  com.alibaba.druid.spring.boot.autoconfigure.DruidDataSourceAutoConfigure Line:56  - Init DruidDataSource
===2020-09-03 11:13:18.491 INFO  com.alibaba.druid.pool.DruidDataSource Line:1002 - {dataSource-1} inited
===2020-09-03 11:13:19.154 INFO  org.apache.coyote.http11.Http11NioProtocol Line:173 - Starting ProtocolHandler ["http-nio-8080"]
===2020-09-03 11:13:19.203 INFO  com.liuye.WyzdzApplication Line:61  - Started WyzdzApplication in 3.681 seconds (JVM running for 4.212)
===2020-09-03 11:13:22.252 INFO  org.apache.catalina.core.ContainerBase.[Tomcat].[localhost].[/] Line:173 - Initializing Spring DispatcherServlet 'dispatcherServlet'
===2020-09-03 11:13:26.716 INFO  com.liuye.security.client.BrowserSecurityController Line:59  - 引发跳转的请求是:http://localhost:8080/authentication/require.html
===2020-09-03 11:13:33.431 INFO  com.alibaba.druid.pool.DruidDataSource Line:1885 - {dataSource-1} closing ...
===2020-09-03 11:13:33.440 INFO  com.alibaba.druid.pool.DruidDataSource Line:1955 - {dataSource-1} closed
===2020-09-03 11:13:45.712 INFO  com.liuye.WyzdzApplication Line:55  - Starting WyzdzApplication on MacBook-Pro.local with PID 9119 (/Users/liuhui/Documents/ideaTool/githubWorkSpace/frame/wyzdz/target/classes started by liuhui in /Users/liuhui/Documents/ideaTool/githubWorkSpace/frame)
===2020-09-03 11:13:45.717 INFO  com.liuye.WyzdzApplication Line:651 - No active profile set, falling back to default profiles: default
===2020-09-03 11:13:47.174 INFO  org.apache.coyote.http11.Http11NioProtocol Line:173 - Initializing ProtocolHandler ["http-nio-8080"]
===2020-09-03 11:13:47.175 INFO  org.apache.catalina.core.StandardService Line:173 - Starting service [Tomcat]
===2020-09-03 11:13:47.175 INFO  org.apache.catalina.core.StandardEngine Line:173 - Starting Servlet engine: [Apache Tomcat/9.0.37]
===2020-09-03 11:13:47.260 INFO  org.apache.catalina.core.ContainerBase.[Tomcat].[localhost].[/] Line:173 - Initializing Spring embedded WebApplicationContext
===2020-09-03 11:13:47.511 INFO  com.alibaba.druid.spring.boot.autoconfigure.DruidDataSourceAutoConfigure Line:56  - Init DruidDataSource
===2020-09-03 11:13:47.996 INFO  com.alibaba.druid.pool.DruidDataSource Line:1002 - {dataSource-1} inited
===2020-09-03 11:13:48.664 INFO  org.apache.coyote.http11.Http11NioProtocol Line:173 - Starting ProtocolHandler ["http-nio-8080"]
===2020-09-03 11:13:48.713 INFO  com.liuye.WyzdzApplication Line:61  - Started WyzdzApplication in 3.78 seconds (JVM running for 4.335)
===2020-09-03 11:13:58.293 INFO  org.apache.catalina.core.ContainerBase.[Tomcat].[localhost].[/] Line:173 - Initializing Spring DispatcherServlet 'dispatcherServlet'
===2020-09-03 11:14:27.898 INFO  com.liuye.security.client.BrowserSecurityController Line:59  - 引发跳转的请求是:http://localhost:8080/
===2020-09-03 11:14:39.602 INFO  com.alibaba.druid.pool.DruidDataSource Line:1885 - {dataSource-1} closing ...
===2020-09-03 11:14:39.610 INFO  com.alibaba.druid.pool.DruidDataSource Line:1955 - {dataSource-1} closed
===2020-09-03 11:14:42.191 INFO  com.liuye.WyzdzApplication Line:55  - Starting WyzdzApplication on MacBook-Pro.local with PID 9129 (/Users/liuhui/Documents/ideaTool/githubWorkSpace/frame/wyzdz/target/classes started by liuhui in /Users/liuhui/Documents/ideaTool/githubWorkSpace/frame)
===2020-09-03 11:14:42.196 INFO  com.liuye.WyzdzApplication Line:651 - No active profile set, falling back to default profiles: default
===2020-09-03 11:14:43.593 INFO  org.apache.coyote.http11.Http11NioProtocol Line:173 - Initializing ProtocolHandler ["http-nio-8080"]
===2020-09-03 11:14:43.594 INFO  org.apache.catalina.core.StandardService Line:173 - Starting service [Tomcat]
===2020-09-03 11:14:43.594 INFO  org.apache.catalina.core.StandardEngine Line:173 - Starting Servlet engine: [Apache Tomcat/9.0.37]
===2020-09-03 11:14:43.675 INFO  org.apache.catalina.core.ContainerBase.[Tomcat].[localhost].[/] Line:173 - Initializing Spring embedded WebApplicationContext
===2020-09-03 11:14:43.921 INFO  com.alibaba.druid.spring.boot.autoconfigure.DruidDataSourceAutoConfigure Line:56  - Init DruidDataSource
===2020-09-03 11:14:44.418 INFO  com.alibaba.druid.pool.DruidDataSource Line:1002 - {dataSource-1} inited
===2020-09-03 11:14:45.118 INFO  org.apache.coyote.http11.Http11NioProtocol Line:173 - Starting ProtocolHandler ["http-nio-8080"]
===2020-09-03 11:14:45.168 INFO  com.liuye.WyzdzApplication Line:61  - Started WyzdzApplication in 3.707 seconds (JVM running for 4.234)
===2020-09-03 11:14:49.361 INFO  org.apache.catalina.core.ContainerBase.[Tomcat].[localhost].[/] Line:173 - Initializing Spring DispatcherServlet 'dispatcherServlet'
===2020-09-03 11:15:05.456 INFO  com.liuye.security.client.BrowserSecurityController Line:59  - 引发跳转的请求是:http://localhost:8080/PortalManage/main.html
===2020-09-03 11:15:15.720 INFO  com.alibaba.druid.pool.DruidDataSource Line:1885 - {dataSource-1} closing ...
===2020-09-03 11:15:15.731 INFO  com.alibaba.druid.pool.DruidDataSource Line:1955 - {dataSource-1} closed
===2020-09-03 17:22:09.407 INFO  com.liuye.WyzdzApplication Line:55  - Starting WyzdzApplication on MacBook-Pro.local with PID 16333 (/Users/liuhui/Documents/ideaTool/githubWorkSpace/frame/wyzdz/target/classes started by liuhui in /Users/liuhui/Documents/ideaTool/githubWorkSpace/frame)
===2020-09-03 17:22:09.412 INFO  com.liuye.WyzdzApplication Line:651 - No active profile set, falling back to default profiles: default
===2020-09-03 17:22:11.116 INFO  org.apache.coyote.http11.Http11NioProtocol Line:173 - Initializing ProtocolHandler ["http-nio-8080"]
===2020-09-03 17:22:11.117 INFO  org.apache.catalina.core.StandardService Line:173 - Starting service [Tomcat]
===2020-09-03 17:22:11.118 INFO  org.apache.catalina.core.StandardEngine Line:173 - Starting Servlet engine: [Apache Tomcat/9.0.37]
===2020-09-03 17:22:11.241 INFO  org.apache.catalina.core.ContainerBase.[Tomcat].[localhost].[/] Line:173 - Initializing Spring embedded WebApplicationContext
===2020-09-03 17:22:11.541 INFO  com.alibaba.druid.spring.boot.autoconfigure.DruidDataSourceAutoConfigure Line:56  - Init DruidDataSource
===2020-09-03 17:22:12.029 INFO  com.alibaba.druid.pool.DruidDataSource Line:1002 - {dataSource-1} inited
===2020-09-03 17:22:12.824 INFO  org.apache.coyote.http11.Http11NioProtocol Line:173 - Starting ProtocolHandler ["http-nio-8080"]
===2020-09-03 17:22:12.879 INFO  com.liuye.WyzdzApplication Line:61  - Started WyzdzApplication in 4.453 seconds (JVM running for 5.079)
===2020-09-03 17:22:31.531 INFO  com.alibaba.druid.pool.DruidDataSource Line:1885 - {dataSource-1} closing ...
===2020-09-03 17:22:31.541 INFO  com.alibaba.druid.pool.DruidDataSource Line:1955 - {dataSource-1} closed
===2020-09-03 17:22:34.145 INFO  com.liuye.WyzdzApplication Line:55  - Starting WyzdzApplication on MacBook-Pro.local with PID 16339 (/Users/liuhui/Documents/ideaTool/githubWorkSpace/frame/wyzdz/target/classes started by liuhui in /Users/liuhui/Documents/ideaTool/githubWorkSpace/frame)
===2020-09-03 17:22:34.150 INFO  com.liuye.WyzdzApplication Line:651 - No active profile set, falling back to default profiles: default
===2020-09-03 17:22:35.596 INFO  org.apache.coyote.http11.Http11NioProtocol Line:173 - Initializing ProtocolHandler ["http-nio-8080"]
===2020-09-03 17:22:35.597 INFO  org.apache.catalina.core.StandardService Line:173 - Starting service [Tomcat]
===2020-09-03 17:22:35.597 INFO  org.apache.catalina.core.StandardEngine Line:173 - Starting Servlet engine: [Apache Tomcat/9.0.37]
===2020-09-03 17:22:35.681 INFO  org.apache.catalina.core.ContainerBase.[Tomcat].[localhost].[/] Line:173 - Initializing Spring embedded WebApplicationContext
===2020-09-03 17:22:35.933 INFO  com.alibaba.druid.spring.boot.autoconfigure.DruidDataSourceAutoConfigure Line:56  - Init DruidDataSource
===2020-09-03 17:22:36.423 INFO  com.alibaba.druid.pool.DruidDataSource Line:1002 - {dataSource-1} inited
===2020-09-03 17:22:37.099 INFO  org.apache.coyote.http11.Http11NioProtocol Line:173 - Starting ProtocolHandler ["http-nio-8080"]
===2020-09-03 17:22:37.163 INFO  com.liuye.WyzdzApplication Line:61  - Started WyzdzApplication in 3.748 seconds (JVM running for 4.268)
===2020-09-03 17:24:09.175 INFO  org.apache.catalina.core.ContainerBase.[Tomcat].[localhost].[/] Line:173 - Initializing Spring DispatcherServlet 'dispatcherServlet'
===2020-09-03 17:24:09.325 INFO  com.liuye.security.client.BrowserSecurityController Line:59  - 引发跳转的请求是:http://localhost:8080/
===2020-09-03 17:24:14.875 INFO  com.liuye.security.client.BrowserSecurityController Line:59  - 引发跳转的请求是:http://localhost:8080/authentication/require%E3%80%82html
===2020-09-03 17:24:18.782 INFO  com.liuye.security.client.BrowserSecurityController Line:59  - 引发跳转的请求是:http://localhost:8080/authentication/require.html
===2020-09-03 17:31:01.306 INFO  com.alibaba.druid.pool.DruidDataSource Line:1885 - {dataSource-1} closing ...
===2020-09-03 17:31:01.309 INFO  com.alibaba.druid.pool.DruidDataSource Line:1955 - {dataSource-1} closed
===2020-09-03 17:31:31.953 INFO  com.liuye.WyzdzApplication Line:55  - Starting WyzdzApplication on MacBook-Pro.local with PID 16462 (/Users/liuhui/Documents/ideaTool/githubWorkSpace/frame/wyzdz/target/classes started by liuhui in /Users/liuhui/Documents/ideaTool/githubWorkSpace/frame)
===2020-09-03 17:31:31.959 INFO  com.liuye.WyzdzApplication Line:651 - No active profile set, falling back to default profiles: default
===2020-09-03 17:31:33.320 INFO  org.apache.coyote.http11.Http11NioProtocol Line:173 - Initializing ProtocolHandler ["http-nio-8080"]
===2020-09-03 17:31:33.321 INFO  org.apache.catalina.core.StandardService Line:173 - Starting service [Tomcat]
===2020-09-03 17:31:33.321 INFO  org.apache.catalina.core.StandardEngine Line:173 - Starting Servlet engine: [Apache Tomcat/9.0.37]
===2020-09-03 17:31:33.403 INFO  org.apache.catalina.core.ContainerBase.[Tomcat].[localhost].[/] Line:173 - Initializing Spring embedded WebApplicationContext
===2020-09-03 17:31:33.648 INFO  com.alibaba.druid.spring.boot.autoconfigure.DruidDataSourceAutoConfigure Line:56  - Init DruidDataSource
===2020-09-03 17:31:34.117 INFO  com.alibaba.druid.pool.DruidDataSource Line:1002 - {dataSource-1} inited
===2020-09-03 17:31:34.801 INFO  org.apache.coyote.http11.Http11NioProtocol Line:173 - Starting ProtocolHandler ["http-nio-8080"]
===2020-09-03 17:31:34.853 INFO  com.liuye.WyzdzApplication Line:61  - Started WyzdzApplication in 3.727 seconds (JVM running for 4.278)
===2020-09-03 17:32:39.965 INFO  org.apache.catalina.core.ContainerBase.[Tomcat].[localhost].[/] Line:173 - Initializing Spring DispatcherServlet 'dispatcherServlet'
===2020-09-03 17:32:40.076 INFO  com.liuye.security.client.BrowserSecurityController Line:60  - 引发跳转的请求是:http://localhost:8080/a.html
===2020-09-03 17:33:03.602 INFO  com.liuye.security.core.validate.code.ValidateCodeFilter Line:99  - 校验请求(/authentication/form)中的验证码,验证码类型IMAGE
===2020-09-03 17:33:03.602 INFO  com.liuye.security.core.validate.code.image.ImageCodeProcessor Line:104 - imageCode
===2020-09-03 17:33:03.603 INFO  com.liuye.security.client.authentication.AuthenctiationFailureHandler Line:51  - 登录失败
===2020-09-03 17:33:23.609 INFO  com.liuye.security.core.validate.code.ValidateCodeFilter Line:99  - 校验请求(/authentication/form)中的验证码,验证码类型IMAGE
===2020-09-03 17:33:23.610 INFO  com.liuye.security.core.validate.code.image.ImageCodeProcessor Line:104 - imageCode
===2020-09-03 17:33:23.610 INFO  com.liuye.security.core.validate.code.ValidateCodeFilter Line:103 - 验证码校验通过
===2020-09-03 17:33:23.650 INFO  com.liuye.security.client.authentication.AuthenticationSuccessHandler Line:56  - 登录成功
===2020-09-03 17:35:30.102 INFO  com.alibaba.druid.pool.DruidDataSource Line:1885 - {dataSource-1} closing ...
===2020-09-03 17:35:30.111 INFO  com.alibaba.druid.pool.DruidDataSource Line:1955 - {dataSource-1} closed
===2020-09-03 17:35:34.369 INFO  com.liuye.WyzdzApplication Line:55  - Starting WyzdzApplication on MacBook-Pro.local with PID 16496 (/Users/liuhui/Documents/ideaTool/githubWorkSpace/frame/wyzdz/target/classes started by liuhui in /Users/liuhui/Documents/ideaTool/githubWorkSpace/frame)
===2020-09-03 17:35:34.374 INFO  com.liuye.WyzdzApplication Line:651 - No active profile set, falling back to default profiles: default
===2020-09-03 17:35:35.718 INFO  org.apache.coyote.http11.Http11NioProtocol Line:173 - Initializing ProtocolHandler ["http-nio-8080"]
===2020-09-03 17:35:35.719 INFO  org.apache.catalina.core.StandardService Line:173 - Starting service [Tomcat]
===2020-09-03 17:35:35.720 INFO  org.apache.catalina.core.StandardEngine Line:173 - Starting Servlet engine: [Apache Tomcat/9.0.37]
===2020-09-03 17:35:35.821 INFO  org.apache.catalina.core.ContainerBase.[Tomcat].[localhost].[/] Line:173 - Initializing Spring embedded WebApplicationContext
===2020-09-03 17:35:36.059 INFO  com.alibaba.druid.spring.boot.autoconfigure.DruidDataSourceAutoConfigure Line:56  - Init DruidDataSource
===2020-09-03 17:35:36.523 INFO  com.alibaba.druid.pool.DruidDataSource Line:1002 - {dataSource-1} inited
===2020-09-03 17:35:36.544 INFO  com.alibaba.druid.pool.DruidDataSource Line:1885 - {dataSource-1} closing ...
===2020-09-03 17:35:36.555 INFO  com.alibaba.druid.pool.DruidDataSource Line:1955 - {dataSource-1} closed
===2020-09-03 17:35:36.558 INFO  org.apache.catalina.core.StandardService Line:173 - Stopping service [Tomcat]
===2020-09-03 17:36:13.590 INFO  com.liuye.WyzdzApplication Line:55  - Starting WyzdzApplication on MacBook-Pro.local with PID 16510 (/Users/liuhui/Documents/ideaTool/githubWorkSpace/frame/wyzdz/target/classes started by liuhui in /Users/liuhui/Documents/ideaTool/githubWorkSpace/frame)
===2020-09-03 17:36:13.595 INFO  com.liuye.WyzdzApplication Line:651 - No active profile set, falling back to default profiles: default
===2020-09-03 17:36:15.197 INFO  org.apache.coyote.http11.Http11NioProtocol Line:173 - Initializing ProtocolHandler ["http-nio-8080"]
===2020-09-03 17:36:15.198 INFO  org.apache.catalina.core.StandardService Line:173 - Starting service [Tomcat]
===2020-09-03 17:36:15.198 INFO  org.apache.catalina.core.StandardEngine Line:173 - Starting Servlet engine: [Apache Tomcat/9.0.37]
===2020-09-03 17:36:15.289 INFO  org.apache.catalina.core.ContainerBase.[Tomcat].[localhost].[/] Line:173 - Initializing Spring embedded WebApplicationContext
===2020-09-03 17:36:15.553 INFO  com.alibaba.druid.spring.boot.autoconfigure.DruidDataSourceAutoConfigure Line:56  - Init DruidDataSource
===2020-09-03 17:36:16.128 INFO  com.alibaba.druid.pool.DruidDataSource Line:1002 - {dataSource-1} inited
===2020-09-03 17:36:16.911 INFO  org.apache.coyote.http11.Http11NioProtocol Line:173 - Starting ProtocolHandler ["http-nio-8080"]
===2020-09-03 17:36:16.981 INFO  com.liuye.WyzdzApplication Line:61  - Started WyzdzApplication in 4.207 seconds (JVM running for 4.759)
===2020-09-03 17:36:29.548 INFO  org.apache.catalina.core.ContainerBase.[Tomcat].[localhost].[/] Line:173 - Initializing Spring DispatcherServlet 'dispatcherServlet'
===2020-09-03 17:36:29.662 INFO  com.liuye.security.client.BrowserSecurityController Line:60  - 引发跳转的请求是:http://localhost:8080/indexPage
===2020-09-03 17:36:43.776 INFO  com.liuye.security.core.validate.code.ValidateCodeFilter Line:99  - 校验请求(/authentication/form)中的验证码,验证码类型IMAGE
===2020-09-03 17:36:43.776 INFO  com.liuye.security.core.validate.code.image.ImageCodeProcessor Line:104 - imageCode
===2020-09-03 17:36:43.777 INFO  com.liuye.security.core.validate.code.ValidateCodeFilter Line:103 - 验证码校验通过
===2020-09-03 17:36:43.802 INFO  com.liuye.security.client.authentication.AuthenctiationFailureHandler Line:51  - 登录失败
===2020-09-03 17:37:28.431 INFO  com.alibaba.druid.pool.DruidDataSource Line:1885 - {dataSource-1} closing ...
===2020-09-03 17:37:28.440 INFO  com.alibaba.druid.pool.DruidDataSource Line:1955 - {dataSource-1} closed
===2020-09-03 17:37:32.453 INFO  com.liuye.WyzdzApplication Line:55  - Starting WyzdzApplication on MacBook-Pro.local with PID 16525 (/Users/liuhui/Documents/ideaTool/githubWorkSpace/frame/wyzdz/target/classes started by liuhui in /Users/liuhui/Documents/ideaTool/githubWorkSpace/frame)
===2020-09-03 17:37:32.457 INFO  com.liuye.WyzdzApplication Line:651 - No active profile set, falling back to default profiles: default
===2020-09-03 17:37:33.783 INFO  org.apache.coyote.http11.Http11NioProtocol Line:173 - Initializing ProtocolHandler ["http-nio-8080"]
===2020-09-03 17:37:33.784 INFO  org.apache.catalina.core.StandardService Line:173 - Starting service [Tomcat]
===2020-09-03 17:37:33.785 INFO  org.apache.catalina.core.StandardEngine Line:173 - Starting Servlet engine: [Apache Tomcat/9.0.37]
===2020-09-03 17:37:33.868 INFO  org.apache.catalina.core.ContainerBase.[Tomcat].[localhost].[/] Line:173 - Initializing Spring embedded WebApplicationContext
===2020-09-03 17:37:34.119 INFO  com.alibaba.druid.spring.boot.autoconfigure.DruidDataSourceAutoConfigure Line:56  - Init DruidDataSource
===2020-09-03 17:37:34.581 INFO  com.alibaba.druid.pool.DruidDataSource Line:1002 - {dataSource-1} inited
===2020-09-03 17:37:35.330 INFO  org.apache.coyote.http11.Http11NioProtocol Line:173 - Starting ProtocolHandler ["http-nio-8080"]
===2020-09-03 17:37:35.382 INFO  com.liuye.WyzdzApplication Line:61  - Started WyzdzApplication in 3.733 seconds (JVM running for 4.309)
===2020-09-03 17:37:48.573 INFO  org.apache.catalina.core.ContainerBase.[Tomcat].[localhost].[/] Line:173 - Initializing Spring DispatcherServlet 'dispatcherServlet'
===2020-09-03 17:37:59.247 INFO  com.liuye.security.core.validate.code.ValidateCodeFilter Line:99  - 校验请求(/authentication/form)中的验证码,验证码类型IMAGE
===2020-09-03 17:37:59.248 INFO  com.liuye.security.core.validate.code.image.ImageCodeProcessor Line:104 - imageCode
===2020-09-03 17:37:59.249 INFO  com.liuye.security.core.validate.code.ValidateCodeFilter Line:103 - 验证码校验通过
===2020-09-03 17:37:59.290 INFO  com.liuye.security.client.authentication.AuthenticationSuccessHandler Line:56  - 登录成功
===2020-09-03 17:38:33.478 INFO  com.alibaba.druid.pool.DruidDataSource Line:1885 - {dataSource-1} closing ...
===2020-09-03 17:38:33.487 INFO  com.alibaba.druid.pool.DruidDataSource Line:1955 - {dataSource-1} closed
===2020-09-03 17:38:37.485 INFO  com.liuye.WyzdzApplication Line:55  - Starting WyzdzApplication on MacBook-Pro.local with PID 16536 (/Users/liuhui/Documents/ideaTool/githubWorkSpace/frame/wyzdz/target/classes started by liuhui in /Users/liuhui/Documents/ideaTool/githubWorkSpace/frame)
===2020-09-03 17:38:37.489 INFO  com.liuye.WyzdzApplication Line:651 - No active profile set, falling back to default profiles: default
===2020-09-03 17:38:38.881 INFO  org.apache.coyote.http11.Http11NioProtocol Line:173 - Initializing ProtocolHandler ["http-nio-8080"]
===2020-09-03 17:38:38.882 INFO  org.apache.catalina.core.StandardService Line:173 - Starting service [Tomcat]
===2020-09-03 17:38:38.882 INFO  org.apache.catalina.core.StandardEngine Line:173 - Starting Servlet engine: [Apache Tomcat/9.0.37]
===2020-09-03 17:38:38.982 INFO  org.apache.catalina.core.ContainerBase.[Tomcat].[localhost].[/] Line:173 - Initializing Spring embedded WebApplicationContext
===2020-09-03 17:38:39.223 INFO  com.alibaba.druid.spring.boot.autoconfigure.DruidDataSourceAutoConfigure Line:56  - Init DruidDataSource
===2020-09-03 17:38:39.684 INFO  com.alibaba.druid.pool.DruidDataSource Line:1002 - {dataSource-1} inited
===2020-09-03 17:38:40.388 INFO  org.apache.coyote.http11.Http11NioProtocol Line:173 - Starting ProtocolHandler ["http-nio-8080"]
===2020-09-03 17:38:40.447 INFO  com.liuye.WyzdzApplication Line:61  - Started WyzdzApplication in 3.717 seconds (JVM running for 4.274)
===2020-09-03 17:39:27.749 INFO  com.alibaba.druid.pool.DruidDataSource Line:1885 - {dataSource-1} closing ...
===2020-09-03 17:39:27.760 INFO  com.alibaba.druid.pool.DruidDataSource Line:1955 - {dataSource-1} closed
===2020-09-03 17:39:30.332 INFO  com.liuye.WyzdzApplication Line:55  - Starting WyzdzApplication on MacBook-Pro.local with PID 16544 (/Users/liuhui/Documents/ideaTool/githubWorkSpace/frame/wyzdz/target/classes started by liuhui in /Users/liuhui/Documents/ideaTool/githubWorkSpace/frame)
===2020-09-03 17:39:30.336 INFO  com.liuye.WyzdzApplication Line:651 - No active profile set, falling back to default profiles: default
===2020-09-03 17:39:31.727 INFO  org.apache.coyote.http11.Http11NioProtocol Line:173 - Initializing ProtocolHandler ["http-nio-8080"]
===2020-09-03 17:39:31.728 INFO  org.apache.catalina.core.StandardService Line:173 - Starting service [Tomcat]
===2020-09-03 17:39:31.728 INFO  org.apache.catalina.core.StandardEngine Line:173 - Starting Servlet engine: [Apache Tomcat/9.0.37]
===2020-09-03 17:39:31.808 INFO  org.apache.catalina.core.ContainerBase.[Tomcat].[localhost].[/] Line:173 - Initializing Spring embedded WebApplicationContext
===2020-09-03 17:39:32.061 INFO  com.alibaba.druid.spring.boot.autoconfigure.DruidDataSourceAutoConfigure Line:56  - Init DruidDataSource
===2020-09-03 17:39:32.531 INFO  com.alibaba.druid.pool.DruidDataSource Line:1002 - {dataSource-1} inited
===2020-09-03 17:39:33.204 INFO  org.apache.coyote.http11.Http11NioProtocol Line:173 - Starting ProtocolHandler ["http-nio-8080"]
===2020-09-03 17:39:33.258 INFO  com.liuye.WyzdzApplication Line:61  - Started WyzdzApplication in 3.706 seconds (JVM running for 4.244)
===2020-09-03 17:39:56.913 INFO  org.apache.catalina.core.ContainerBase.[Tomcat].[localhost].[/] Line:173 - Initializing Spring DispatcherServlet 'dispatcherServlet'
===2020-09-03 17:40:00.413 INFO  com.liuye.security.client.BrowserSecurityController Line:60  - 引发跳转的请求是:http://localhost:8080/PortalManage/main.html
===2020-09-03 17:40:09.366 INFO  com.liuye.security.core.validate.code.ValidateCodeFilter Line:99  - 校验请求(/authentication/form)中的验证码,验证码类型IMAGE
===2020-09-03 17:40:09.367 INFO  com.liuye.security.core.validate.code.image.ImageCodeProcessor Line:104 - imageCode
===2020-09-03 17:40:09.368 INFO  com.liuye.security.core.validate.code.ValidateCodeFilter Line:103 - 验证码校验通过
===2020-09-03 17:40:09.396 INFO  com.liuye.security.client.authentication.AuthenticationSuccessHandler Line:56  - 登录成功
===2020-09-03 17:40:33.995 INFO  com.alibaba.druid.pool.DruidDataSource Line:1885 - {dataSource-1} closing ...
===2020-09-03 17:40:34.004 INFO  com.alibaba.druid.pool.DruidDataSource Line:1955 - {dataSource-1} closed
