===2020-09-04 09:02:47.571 WARN  org.mybatis.spring.mapper.ClassPathMapperScanner Line:44  - No MyBatis mapper was found in '[com.liuye]' package. Please check your configuration.
===2020-09-04 09:02:49.380 WARN  org.thymeleaf.templatemode.TemplateMode Line:150 - [THYMELEAF][main] Template Mode 'HTML5' is deprecated. Using Template Mode 'HTML' instead.
===2020-09-04 09:37:19.128 WARN  org.mybatis.spring.mapper.ClassPathMapperScanner Line:44  - No MyBatis mapper was found in '[com.liuye]' package. Please check your configuration.
===2020-09-04 09:37:20.893 WARN  org.thymeleaf.templatemode.TemplateMode Line:150 - [THYMELEAF][main] Template Mode 'HTML5' is deprecated. Using Template Mode 'HTML' instead.
===2020-09-04 09:45:35.772 WARN  org.mybatis.spring.mapper.ClassPathMapperScanner Line:44  - No MyBatis mapper was found in '[com.liuye]' package. Please check your configuration.
===2020-09-04 09:45:37.439 WARN  org.thymeleaf.templatemode.TemplateMode Line:150 - [THYMELEAF][main] Template Mode 'HTML5' is deprecated. Using Template Mode 'HTML' instead.
===2020-09-04 09:47:38.065 WARN  org.mybatis.spring.mapper.ClassPathMapperScanner Line:44  - No MyBatis mapper was found in '[com.liuye]' package. Please check your configuration.
===2020-09-04 09:47:39.742 WARN  org.thymeleaf.templatemode.TemplateMode Line:150 - [THYMELEAF][main] Template Mode 'HTML5' is deprecated. Using Template Mode 'HTML' instead.
===2020-09-04 09:49:45.046 WARN  org.mybatis.spring.mapper.ClassPathMapperScanner Line:44  - No MyBatis mapper was found in '[com.liuye]' package. Please check your configuration.
===2020-09-04 09:49:46.691 WARN  org.thymeleaf.templatemode.TemplateMode Line:150 - [THYMELEAF][main] Template Mode 'HTML5' is deprecated. Using Template Mode 'HTML' instead.
===2020-09-04 09:51:42.225 WARN  org.mybatis.spring.mapper.ClassPathMapperScanner Line:44  - No MyBatis mapper was found in '[com.liuye]' package. Please check your configuration.
===2020-09-04 09:51:43.892 WARN  org.thymeleaf.templatemode.TemplateMode Line:150 - [THYMELEAF][main] Template Mode 'HTML5' is deprecated. Using Template Mode 'HTML' instead.
===2020-09-04 09:53:35.702 WARN  org.mybatis.spring.mapper.ClassPathMapperScanner Line:44  - No MyBatis mapper was found in '[com.liuye]' package. Please check your configuration.
===2020-09-04 09:53:37.561 WARN  org.thymeleaf.templatemode.TemplateMode Line:150 - [THYMELEAF][main] Template Mode 'HTML5' is deprecated. Using Template Mode 'HTML' instead.
===2020-09-04 10:41:21.774 WARN  com.baomidou.mybatisplus.core.toolkit.TableInfoHelper Line:255 - Warn: Could not find @TableId in Class: com.liuye.wyzdz.entities.Test1.
===2020-09-04 10:41:22.138 WARN  org.thymeleaf.templatemode.TemplateMode Line:150 - [THYMELEAF][main] Template Mode 'HTML5' is deprecated. Using Template Mode 'HTML' instead.
===2020-09-04 14:42:27.015 WARN  com.baomidou.mybatisplus.core.toolkit.TableInfoHelper Line:255 - Warn: Could not find @TableId in Class: com.liuye.wyzdz.entities.Test1.
===2020-09-04 14:42:27.595 WARN  org.thymeleaf.templatemode.TemplateMode Line:150 - [THYMELEAF][main] Template Mode 'HTML5' is deprecated. Using Template Mode 'HTML' instead.
===2020-09-04 15:09:49.215 WARN  com.baomidou.mybatisplus.core.toolkit.TableInfoHelper Line:255 - Warn: Could not find @TableId in Class: com.liuye.wyzdz.entities.Test1.
===2020-09-04 15:09:49.385 WARN  org.springframework.boot.web.servlet.context.AnnotationConfigServletWebServerApplicationContext Line:559 - Exception encountered during context initialization - cancelling refresh attempt: org.springframework.beans.factory.UnsatisfiedDependencyException: Error creating bean with name 'browserSecurityConfig': Unsatisfied dependency expressed through field 'rbacUserDetailService'; nested exception is org.springframework.beans.factory.BeanCreationException: Error creating bean with name 'rbacUserDetailService' defined in file [/Users/liuhui/Documents/ideaTool/githubWorkSpace/liuye/frame/api-security/target/classes/com/liuye/security/rbac/authentication/RbacUserDetailService.class]: Bean instantiation via constructor failed; nested exception is org.springframework.beans.BeanInstantiationException: Failed to instantiate [com.liuye.security.rbac.authentication.RbacUserDetailService]: Constructor threw exception; nested exception is java.lang.NullPointerException
===2020-09-04 15:17:28.134 WARN  com.baomidou.mybatisplus.core.toolkit.TableInfoHelper Line:255 - Warn: Could not find @TableId in Class: com.liuye.wyzdz.entities.Test1.
===2020-09-04 15:17:28.300 WARN  org.springframework.boot.web.servlet.context.AnnotationConfigServletWebServerApplicationContext Line:559 - Exception encountered during context initialization - cancelling refresh attempt: org.springframework.beans.factory.UnsatisfiedDependencyException: Error creating bean with name 'browserSecurityConfig': Unsatisfied dependency expressed through field 'rbacUserDetailService'; nested exception is org.springframework.beans.factory.BeanCreationException: Error creating bean with name 'rbacUserDetailService' defined in file [/Users/liuhui/Documents/ideaTool/githubWorkSpace/liuye/frame/api-security/target/classes/com/liuye/security/rbac/authentication/RbacUserDetailService.class]: Bean instantiation via constructor failed; nested exception is org.springframework.beans.BeanInstantiationException: Failed to instantiate [com.liuye.security.rbac.authentication.RbacUserDetailService]: Constructor threw exception; nested exception is java.lang.NullPointerException
===2020-09-04 15:18:43.203 WARN  com.baomidou.mybatisplus.core.toolkit.TableInfoHelper Line:255 - Warn: Could not find @TableId in Class: com.liuye.wyzdz.entities.Test1.
===2020-09-04 15:18:43.436 WARN  org.springframework.boot.web.servlet.context.AnnotationConfigServletWebServerApplicationContext Line:559 - Exception encountered during context initialization - cancelling refresh attempt: org.springframework.beans.factory.UnsatisfiedDependencyException: Error creating bean with name 'browserSecurityConfig': Unsatisfied dependency expressed through field 'rbacUserDetailService'; nested exception is org.springframework.beans.factory.BeanCreationException: Error creating bean with name 'rbacUserDetailService' defined in file [/Users/liuhui/Documents/ideaTool/githubWorkSpace/liuye/frame/api-security/target/classes/com/liuye/security/rbac/authentication/RbacUserDetailService.class]: 'rbacUserDetailService' depends on missing bean 'rbacUserService'; nested exception is org.springframework.beans.factory.NoSuchBeanDefinitionException: No bean named 'rbacUserService' available
===2020-09-04 15:19:05.285 WARN  com.baomidou.mybatisplus.core.toolkit.TableInfoHelper Line:255 - Warn: Could not find @TableId in Class: com.liuye.wyzdz.entities.Test1.
===2020-09-04 15:19:05.441 WARN  org.springframework.boot.web.servlet.context.AnnotationConfigServletWebServerApplicationContext Line:559 - Exception encountered during context initialization - cancelling refresh attempt: org.springframework.beans.factory.UnsatisfiedDependencyException: Error creating bean with name 'browserSecurityConfig': Unsatisfied dependency expressed through field 'rbacUserDetailService'; nested exception is org.springframework.beans.factory.BeanCreationException: Error creating bean with name 'rbacUserDetailService' defined in file [/Users/liuhui/Documents/ideaTool/githubWorkSpace/liuye/frame/api-security/target/classes/com/liuye/security/rbac/authentication/RbacUserDetailService.class]: Bean instantiation via constructor failed; nested exception is org.springframework.beans.BeanInstantiationException: Failed to instantiate [com.liuye.security.rbac.authentication.RbacUserDetailService]: Constructor threw exception; nested exception is java.lang.NullPointerException
===2020-09-04 15:19:31.936 WARN  com.baomidou.mybatisplus.core.toolkit.TableInfoHelper Line:255 - Warn: Could not find @TableId in Class: com.liuye.wyzdz.entities.Test1.
===2020-09-04 15:19:32.103 WARN  org.springframework.boot.web.servlet.context.AnnotationConfigServletWebServerApplicationContext Line:559 - Exception encountered during context initialization - cancelling refresh attempt: org.springframework.beans.factory.UnsatisfiedDependencyException: Error creating bean with name 'browserSecurityConfig': Unsatisfied dependency expressed through field 'rbacUserDetailService'; nested exception is org.springframework.beans.factory.BeanCreationException: Error creating bean with name 'rbacUserDetailService' defined in file [/Users/liuhui/Documents/ideaTool/githubWorkSpace/liuye/frame/api-security/target/classes/com/liuye/security/rbac/authentication/RbacUserDetailService.class]: Bean instantiation via constructor failed; nested exception is org.springframework.beans.BeanInstantiationException: Failed to instantiate [com.liuye.security.rbac.authentication.RbacUserDetailService]: Constructor threw exception; nested exception is java.lang.NullPointerException
===2020-09-04 15:19:49.694 WARN  com.baomidou.mybatisplus.core.toolkit.TableInfoHelper Line:255 - Warn: Could not find @TableId in Class: com.liuye.wyzdz.entities.Test1.
===2020-09-04 15:19:49.922 WARN  org.springframework.boot.web.servlet.context.AnnotationConfigServletWebServerApplicationContext Line:559 - Exception encountered during context initialization - cancelling refresh attempt: org.springframework.beans.factory.UnsatisfiedDependencyException: Error creating bean with name 'browserSecurityConfig': Unsatisfied dependency expressed through field 'rbacUserDetailService'; nested exception is org.springframework.beans.factory.BeanCreationException: Error creating bean with name 'rbacUserDetailService' defined in file [/Users/liuhui/Documents/ideaTool/githubWorkSpace/liuye/frame/api-security/target/classes/com/liuye/security/rbac/authentication/RbacUserDetailService.class]: 'rbacUserDetailService' depends on missing bean 'baseUserServiceImpl,springContextUtil'; nested exception is org.springframework.beans.factory.NoSuchBeanDefinitionException: No bean named 'baseUserServiceImpl,springContextUtil' available
===2020-09-04 15:20:25.071 WARN  com.baomidou.mybatisplus.core.toolkit.TableInfoHelper Line:255 - Warn: Could not find @TableId in Class: com.liuye.wyzdz.entities.Test1.
===2020-09-04 15:20:25.464 WARN  org.thymeleaf.templatemode.TemplateMode Line:150 - [THYMELEAF][main] Template Mode 'HTML5' is deprecated. Using Template Mode 'HTML' instead.
===2020-09-04 15:23:03.269 WARN  com.baomidou.mybatisplus.core.toolkit.TableInfoHelper Line:255 - Warn: Could not find @TableId in Class: com.liuye.wyzdz.entities.Test1.
===2020-09-04 15:23:03.672 WARN  org.thymeleaf.templatemode.TemplateMode Line:150 - [THYMELEAF][main] Template Mode 'HTML5' is deprecated. Using Template Mode 'HTML' instead.
===2020-09-04 16:00:22.249 WARN  com.baomidou.mybatisplus.core.toolkit.TableInfoHelper Line:255 - Warn: Could not find @TableId in Class: com.liuye.wyzdz.entities.Test1.
===2020-09-04 16:00:22.659 WARN  org.thymeleaf.templatemode.TemplateMode Line:150 - [THYMELEAF][main] Template Mode 'HTML5' is deprecated. Using Template Mode 'HTML' instead.
===2020-09-04 16:00:43.752 WARN  com.baomidou.mybatisplus.core.toolkit.TableInfoHelper Line:255 - Warn: Could not find @TableId in Class: com.liuye.wyzdz.entities.Test1.
===2020-09-04 16:00:44.216 WARN  org.thymeleaf.templatemode.TemplateMode Line:150 - [THYMELEAF][main] Template Mode 'HTML5' is deprecated. Using Template Mode 'HTML' instead.
===2020-09-04 16:01:03.925 WARN  com.baomidou.mybatisplus.core.toolkit.TableInfoHelper Line:255 - Warn: Could not find @TableId in Class: com.liuye.wyzdz.entities.Test1.
===2020-09-04 16:01:04.320 WARN  org.thymeleaf.templatemode.TemplateMode Line:150 - [THYMELEAF][main] Template Mode 'HTML5' is deprecated. Using Template Mode 'HTML' instead.
===2020-09-04 16:08:46.581 WARN  org.mybatis.spring.mapper.ClassPathMapperScanner Line:44  - No MyBatis mapper was found in '[com.liuye]' package. Please check your configuration.
===2020-09-04 16:08:47.970 WARN  org.thymeleaf.templatemode.TemplateMode Line:150 - [THYMELEAF][main] Template Mode 'HTML5' is deprecated. Using Template Mode 'HTML' instead.
