===2020-09-04 09:02:46.760 INFO  com.liuye.WyzdzApplication Line:55  - Starting WyzdzApplication on MacBook-Pro.local with PID 21446 (/Users/liuhui/Documents/ideaTool/githubWorkSpace/frame/wyzdz/target/classes started by liuhui in /Users/liuhui/Documents/ideaTool/githubWorkSpace/frame)
===2020-09-04 09:02:46.766 INFO  com.liuye.WyzdzApplication Line:651 - No active profile set, falling back to default profiles: default
===2020-09-04 09:02:48.205 INFO  org.apache.coyote.http11.Http11NioProtocol Line:173 - Initializing ProtocolHandler ["http-nio-8080"]
===2020-09-04 09:02:48.205 INFO  org.apache.catalina.core.StandardService Line:173 - Starting service [Tomcat]
===2020-09-04 09:02:48.206 INFO  org.apache.catalina.core.StandardEngine Line:173 - Starting Servlet engine: [Apache Tomcat/9.0.37]
===2020-09-04 09:02:48.296 INFO  org.apache.catalina.core.ContainerBase.[Tomcat].[localhost].[/] Line:173 - Initializing Spring embedded WebApplicationContext
===2020-09-04 09:02:48.545 INFO  com.alibaba.druid.spring.boot.autoconfigure.DruidDataSourceAutoConfigure Line:56  - Init DruidDataSource
===2020-09-04 09:02:49.059 INFO  com.alibaba.druid.pool.DruidDataSource Line:1002 - {dataSource-1} inited
===2020-09-04 09:02:49.769 INFO  org.apache.coyote.http11.Http11NioProtocol Line:173 - Starting ProtocolHandler ["http-nio-8080"]
===2020-09-04 09:02:49.821 INFO  com.liuye.WyzdzApplication Line:61  - Started WyzdzApplication in 3.816 seconds (JVM running for 4.36)
===2020-09-04 09:08:56.912 INFO  com.alibaba.druid.pool.DruidDataSource Line:1885 - {dataSource-1} closing ...
===2020-09-04 09:08:56.917 INFO  com.alibaba.druid.pool.DruidDataSource Line:1955 - {dataSource-1} closed
===2020-09-04 09:37:18.374 INFO  com.liuye.WyzdzApplication Line:55  - Starting WyzdzApplication on MacBook-Pro.local with PID 22593 (/Users/liuhui/Documents/ideaTool/githubWorkSpace/frame/wyzdz/target/classes started by liuhui in /Users/liuhui/Documents/ideaTool/githubWorkSpace/frame)
===2020-09-04 09:37:18.379 INFO  com.liuye.WyzdzApplication Line:651 - No active profile set, falling back to default profiles: default
===2020-09-04 09:37:19.707 INFO  org.apache.coyote.http11.Http11NioProtocol Line:173 - Initializing ProtocolHandler ["http-nio-8080"]
===2020-09-04 09:37:19.708 INFO  org.apache.catalina.core.StandardService Line:173 - Starting service [Tomcat]
===2020-09-04 09:37:19.708 INFO  org.apache.catalina.core.StandardEngine Line:173 - Starting Servlet engine: [Apache Tomcat/9.0.37]
===2020-09-04 09:37:19.804 INFO  org.apache.catalina.core.ContainerBase.[Tomcat].[localhost].[/] Line:173 - Initializing Spring embedded WebApplicationContext
===2020-09-04 09:37:20.071 INFO  com.alibaba.druid.spring.boot.autoconfigure.DruidDataSourceAutoConfigure Line:56  - Init DruidDataSource
===2020-09-04 09:37:20.573 INFO  com.alibaba.druid.pool.DruidDataSource Line:1002 - {dataSource-1} inited
===2020-09-04 09:37:21.267 INFO  org.apache.coyote.http11.Http11NioProtocol Line:173 - Starting ProtocolHandler ["http-nio-8080"]
===2020-09-04 09:37:21.316 INFO  com.liuye.WyzdzApplication Line:61  - Started WyzdzApplication in 3.612 seconds (JVM running for 4.974)
===2020-09-04 09:37:41.347 INFO  org.apache.catalina.core.ContainerBase.[Tomcat].[localhost].[/] Line:173 - Initializing Spring DispatcherServlet 'dispatcherServlet'
===2020-09-04 09:43:18.602 INFO  com.liuye.security.client.BrowserSecurityController Line:60  - 引发跳转的请求是:http://localhost:8080/a.html
===2020-09-04 09:43:39.525 INFO  com.liuye.security.core.validate.code.ValidateCodeFilter Line:99  - 校验请求(/authentication/form)中的验证码,验证码类型IMAGE
===2020-09-04 09:43:39.525 INFO  com.liuye.security.core.validate.code.image.ImageCodeProcessor Line:104 - imageCode
===2020-09-04 09:43:39.526 INFO  com.liuye.security.core.validate.code.ValidateCodeFilter Line:103 - 验证码校验通过
===2020-09-04 09:43:39.826 INFO  com.liuye.security.client.authentication.AuthenticationSuccessHandler Line:56  - 登录成功
===2020-09-04 09:45:32.118 INFO  com.alibaba.druid.pool.DruidDataSource Line:1885 - {dataSource-1} closing ...
===2020-09-04 09:45:32.121 INFO  com.alibaba.druid.pool.DruidDataSource Line:1955 - {dataSource-1} closed
===2020-09-04 09:45:35.064 INFO  com.liuye.WyzdzApplication Line:55  - Starting WyzdzApplication on MacBook-Pro.local with PID 23211 (/Users/liuhui/Documents/ideaTool/githubWorkSpace/frame/wyzdz/target/classes started by liuhui in /Users/liuhui/Documents/ideaTool/githubWorkSpace/frame)
===2020-09-04 09:45:35.069 INFO  com.liuye.WyzdzApplication Line:651 - No active profile set, falling back to default profiles: default
===2020-09-04 09:45:36.338 INFO  org.apache.coyote.http11.Http11NioProtocol Line:173 - Initializing ProtocolHandler ["http-nio-8080"]
===2020-09-04 09:45:36.339 INFO  org.apache.catalina.core.StandardService Line:173 - Starting service [Tomcat]
===2020-09-04 09:45:36.339 INFO  org.apache.catalina.core.StandardEngine Line:173 - Starting Servlet engine: [Apache Tomcat/9.0.37]
===2020-09-04 09:45:36.433 INFO  org.apache.catalina.core.ContainerBase.[Tomcat].[localhost].[/] Line:173 - Initializing Spring embedded WebApplicationContext
===2020-09-04 09:45:36.664 INFO  com.alibaba.druid.spring.boot.autoconfigure.DruidDataSourceAutoConfigure Line:56  - Init DruidDataSource
===2020-09-04 09:45:37.124 INFO  com.alibaba.druid.pool.DruidDataSource Line:1002 - {dataSource-1} inited
===2020-09-04 09:45:37.814 INFO  org.apache.coyote.http11.Http11NioProtocol Line:173 - Starting ProtocolHandler ["http-nio-8080"]
===2020-09-04 09:45:37.865 INFO  com.liuye.WyzdzApplication Line:61  - Started WyzdzApplication in 3.6 seconds (JVM running for 4.152)
===2020-09-04 09:45:43.641 INFO  org.apache.catalina.core.ContainerBase.[Tomcat].[localhost].[/] Line:173 - Initializing Spring DispatcherServlet 'dispatcherServlet'
===2020-09-04 09:47:34.577 INFO  com.alibaba.druid.pool.DruidDataSource Line:1885 - {dataSource-1} closing ...
===2020-09-04 09:47:34.587 INFO  com.alibaba.druid.pool.DruidDataSource Line:1955 - {dataSource-1} closed
===2020-09-04 09:47:37.345 INFO  com.liuye.WyzdzApplication Line:55  - Starting WyzdzApplication on MacBook-Pro.local with PID 23771 (/Users/liuhui/Documents/ideaTool/githubWorkSpace/frame/wyzdz/target/classes started by liuhui in /Users/liuhui/Documents/ideaTool/githubWorkSpace/frame)
===2020-09-04 09:47:37.349 INFO  com.liuye.WyzdzApplication Line:651 - No active profile set, falling back to default profiles: default
===2020-09-04 09:47:38.632 INFO  org.apache.coyote.http11.Http11NioProtocol Line:173 - Initializing ProtocolHandler ["http-nio-8080"]
===2020-09-04 09:47:38.632 INFO  org.apache.catalina.core.StandardService Line:173 - Starting service [Tomcat]
===2020-09-04 09:47:38.633 INFO  org.apache.catalina.core.StandardEngine Line:173 - Starting Servlet engine: [Apache Tomcat/9.0.37]
===2020-09-04 09:47:38.728 INFO  org.apache.catalina.core.ContainerBase.[Tomcat].[localhost].[/] Line:173 - Initializing Spring embedded WebApplicationContext
===2020-09-04 09:47:38.969 INFO  com.alibaba.druid.spring.boot.autoconfigure.DruidDataSourceAutoConfigure Line:56  - Init DruidDataSource
===2020-09-04 09:47:39.421 INFO  com.alibaba.druid.pool.DruidDataSource Line:1002 - {dataSource-1} inited
===2020-09-04 09:47:40.097 INFO  org.apache.coyote.http11.Http11NioProtocol Line:173 - Starting ProtocolHandler ["http-nio-8080"]
===2020-09-04 09:47:40.147 INFO  com.liuye.WyzdzApplication Line:61  - Started WyzdzApplication in 3.464 seconds (JVM running for 3.997)
===2020-09-04 09:47:44.365 INFO  org.apache.catalina.core.ContainerBase.[Tomcat].[localhost].[/] Line:173 - Initializing Spring DispatcherServlet 'dispatcherServlet'
===2020-09-04 09:49:38.376 INFO  com.alibaba.druid.pool.DruidDataSource Line:1885 - {dataSource-1} closing ...
===2020-09-04 09:49:38.385 INFO  com.alibaba.druid.pool.DruidDataSource Line:1955 - {dataSource-1} closed
===2020-09-04 09:49:44.341 INFO  com.liuye.WyzdzApplication Line:55  - Starting WyzdzApplication on MacBook-Pro.local with PID 23794 (/Users/liuhui/Documents/ideaTool/githubWorkSpace/frame/wyzdz/target/classes started by liuhui in /Users/liuhui/Documents/ideaTool/githubWorkSpace/frame)
===2020-09-04 09:49:44.345 INFO  com.liuye.WyzdzApplication Line:651 - No active profile set, falling back to default profiles: default
===2020-09-04 09:49:45.614 INFO  org.apache.coyote.http11.Http11NioProtocol Line:173 - Initializing ProtocolHandler ["http-nio-8080"]
===2020-09-04 09:49:45.615 INFO  org.apache.catalina.core.StandardService Line:173 - Starting service [Tomcat]
===2020-09-04 09:49:45.616 INFO  org.apache.catalina.core.StandardEngine Line:173 - Starting Servlet engine: [Apache Tomcat/9.0.37]
===2020-09-04 09:49:45.697 INFO  org.apache.catalina.core.ContainerBase.[Tomcat].[localhost].[/] Line:173 - Initializing Spring embedded WebApplicationContext
===2020-09-04 09:49:45.927 INFO  com.alibaba.druid.spring.boot.autoconfigure.DruidDataSourceAutoConfigure Line:56  - Init DruidDataSource
===2020-09-04 09:49:46.376 INFO  com.alibaba.druid.pool.DruidDataSource Line:1002 - {dataSource-1} inited
===2020-09-04 09:49:47.057 INFO  org.apache.coyote.http11.Http11NioProtocol Line:173 - Starting ProtocolHandler ["http-nio-8080"]
===2020-09-04 09:49:47.107 INFO  com.liuye.WyzdzApplication Line:61  - Started WyzdzApplication in 3.559 seconds (JVM running for 4.267)
===2020-09-04 09:49:56.638 INFO  org.apache.catalina.core.ContainerBase.[Tomcat].[localhost].[/] Line:173 - Initializing Spring DispatcherServlet 'dispatcherServlet'
===2020-09-04 09:50:11.625 INFO  com.liuye.security.core.validate.code.ValidateCodeFilter Line:99  - 校验请求(/authentication/form)中的验证码,验证码类型IMAGE
===2020-09-04 09:50:11.626 INFO  com.liuye.security.core.validate.code.image.ImageCodeProcessor Line:104 - imageCode
===2020-09-04 09:50:11.626 INFO  com.liuye.security.core.validate.code.ValidateCodeFilter Line:103 - 验证码校验通过
===2020-09-04 09:50:11.636 INFO  com.liuye.security.client.authentication.AuthenctiationFailureHandler Line:51  - 登录失败
===2020-09-04 09:50:20.394 INFO  com.liuye.security.core.validate.code.ValidateCodeFilter Line:99  - 校验请求(/authentication/form)中的验证码,验证码类型IMAGE
===2020-09-04 09:50:20.394 INFO  com.liuye.security.core.validate.code.image.ImageCodeProcessor Line:104 - imageCode
===2020-09-04 09:50:20.395 INFO  com.liuye.security.core.validate.code.ValidateCodeFilter Line:103 - 验证码校验通过
===2020-09-04 09:50:20.398 INFO  com.liuye.security.client.authentication.AuthenticationSuccessHandler Line:56  - 登录成功
===2020-09-04 09:51:37.199 INFO  com.alibaba.druid.pool.DruidDataSource Line:1885 - {dataSource-1} closing ...
===2020-09-04 09:51:37.208 INFO  com.alibaba.druid.pool.DruidDataSource Line:1955 - {dataSource-1} closed
===2020-09-04 09:51:41.434 INFO  com.liuye.WyzdzApplication Line:55  - Starting WyzdzApplication on MacBook-Pro.local with PID 23813 (/Users/liuhui/Documents/ideaTool/githubWorkSpace/frame/wyzdz/target/classes started by liuhui in /Users/liuhui/Documents/ideaTool/githubWorkSpace/frame)
===2020-09-04 09:51:41.445 INFO  com.liuye.WyzdzApplication Line:651 - No active profile set, falling back to default profiles: default
===2020-09-04 09:51:42.791 INFO  org.apache.coyote.http11.Http11NioProtocol Line:173 - Initializing ProtocolHandler ["http-nio-8080"]
===2020-09-04 09:51:42.792 INFO  org.apache.catalina.core.StandardService Line:173 - Starting service [Tomcat]
===2020-09-04 09:51:42.792 INFO  org.apache.catalina.core.StandardEngine Line:173 - Starting Servlet engine: [Apache Tomcat/9.0.37]
===2020-09-04 09:51:42.870 INFO  org.apache.catalina.core.ContainerBase.[Tomcat].[localhost].[/] Line:173 - Initializing Spring embedded WebApplicationContext
===2020-09-04 09:51:43.100 INFO  com.alibaba.druid.spring.boot.autoconfigure.DruidDataSourceAutoConfigure Line:56  - Init DruidDataSource
===2020-09-04 09:51:43.581 INFO  com.alibaba.druid.pool.DruidDataSource Line:1002 - {dataSource-1} inited
===2020-09-04 09:51:44.264 INFO  org.apache.coyote.http11.Http11NioProtocol Line:173 - Starting ProtocolHandler ["http-nio-8080"]
===2020-09-04 09:51:44.316 INFO  com.liuye.WyzdzApplication Line:61  - Started WyzdzApplication in 3.669 seconds (JVM running for 4.235)
===2020-09-04 09:51:48.018 INFO  org.apache.catalina.core.ContainerBase.[Tomcat].[localhost].[/] Line:173 - Initializing Spring DispatcherServlet 'dispatcherServlet'
===2020-09-04 09:53:32.442 INFO  com.alibaba.druid.pool.DruidDataSource Line:1885 - {dataSource-1} closing ...
===2020-09-04 09:53:32.452 INFO  com.alibaba.druid.pool.DruidDataSource Line:1955 - {dataSource-1} closed
===2020-09-04 09:53:34.892 INFO  com.liuye.WyzdzApplication Line:55  - Starting WyzdzApplication on MacBook-Pro.local with PID 23831 (/Users/liuhui/Documents/ideaTool/githubWorkSpace/frame/wyzdz/target/classes started by liuhui in /Users/liuhui/Documents/ideaTool/githubWorkSpace/frame)
===2020-09-04 09:53:34.897 INFO  com.liuye.WyzdzApplication Line:651 - No active profile set, falling back to default profiles: default
===2020-09-04 09:53:36.395 INFO  org.apache.coyote.http11.Http11NioProtocol Line:173 - Initializing ProtocolHandler ["http-nio-8080"]
===2020-09-04 09:53:36.396 INFO  org.apache.catalina.core.StandardService Line:173 - Starting service [Tomcat]
===2020-09-04 09:53:36.396 INFO  org.apache.catalina.core.StandardEngine Line:173 - Starting Servlet engine: [Apache Tomcat/9.0.37]
===2020-09-04 09:53:36.484 INFO  org.apache.catalina.core.ContainerBase.[Tomcat].[localhost].[/] Line:173 - Initializing Spring embedded WebApplicationContext
===2020-09-04 09:53:36.734 INFO  com.alibaba.druid.spring.boot.autoconfigure.DruidDataSourceAutoConfigure Line:56  - Init DruidDataSource
===2020-09-04 09:53:37.220 INFO  com.alibaba.druid.pool.DruidDataSource Line:1002 - {dataSource-1} inited
===2020-09-04 09:53:37.953 INFO  org.apache.coyote.http11.Http11NioProtocol Line:173 - Starting ProtocolHandler ["http-nio-8080"]
===2020-09-04 09:53:38.009 INFO  com.liuye.WyzdzApplication Line:61  - Started WyzdzApplication in 3.831 seconds (JVM running for 4.353)
===2020-09-04 09:53:47.469 INFO  org.apache.catalina.core.ContainerBase.[Tomcat].[localhost].[/] Line:173 - Initializing Spring DispatcherServlet 'dispatcherServlet'
===2020-09-04 10:09:51.447 INFO  com.alibaba.druid.pool.DruidDataSource Line:1885 - {dataSource-1} closing ...
===2020-09-04 10:09:51.450 INFO  com.alibaba.druid.pool.DruidDataSource Line:1955 - {dataSource-1} closed
===2020-09-04 10:41:19.831 INFO  com.liuye.WyzdzApplication Line:55  - Starting WyzdzApplication on localhost with PID 24350 (/Users/liuhui/Documents/ideaTool/githubWorkSpace/frame/wyzdz/target/classes started by liuhui in /Users/liuhui/Documents/ideaTool/githubWorkSpace/frame)
===2020-09-04 10:41:19.835 INFO  com.liuye.WyzdzApplication Line:651 - No active profile set, falling back to default profiles: default
===2020-09-04 10:41:21.066 INFO  org.apache.coyote.http11.Http11NioProtocol Line:173 - Initializing ProtocolHandler ["http-nio-8080"]
===2020-09-04 10:41:21.066 INFO  org.apache.catalina.core.StandardService Line:173 - Starting service [Tomcat]
===2020-09-04 10:41:21.067 INFO  org.apache.catalina.core.StandardEngine Line:173 - Starting Servlet engine: [Apache Tomcat/9.0.37]
===2020-09-04 10:41:21.137 INFO  org.apache.catalina.core.ContainerBase.[Tomcat].[localhost].[/] Line:173 - Initializing Spring embedded WebApplicationContext
===2020-09-04 10:41:21.374 INFO  com.alibaba.druid.spring.boot.autoconfigure.DruidDataSourceAutoConfigure Line:56  - Init DruidDataSource
===2020-09-04 10:41:21.689 INFO  com.alibaba.druid.pool.DruidDataSource Line:1002 - {dataSource-1} inited
===2020-09-04 10:41:22.325 INFO  org.apache.coyote.http11.Http11NioProtocol Line:173 - Starting ProtocolHandler ["http-nio-8080"]
===2020-09-04 10:41:22.370 INFO  com.liuye.WyzdzApplication Line:61  - Started WyzdzApplication in 3.302 seconds (JVM running for 4.473)
===2020-09-04 10:41:43.621 INFO  org.apache.catalina.core.ContainerBase.[Tomcat].[localhost].[/] Line:173 - Initializing Spring DispatcherServlet 'dispatcherServlet'
===2020-09-04 10:42:05.823 INFO  com.alibaba.druid.pool.DruidDataSource Line:1885 - {dataSource-1} closing ...
===2020-09-04 10:42:05.829 INFO  com.alibaba.druid.pool.DruidDataSource Line:1955 - {dataSource-1} closed
===2020-09-04 14:42:24.800 INFO  com.liuye.WyzdzApplication Line:55  - Starting WyzdzApplication on MacBook-Pro.local with PID 26215 (/Users/liuhui/Documents/ideaTool/githubWorkSpace/liuye/frame/wyzdz/target/classes started by liuhui in /Users/liuhui/Documents/ideaTool/githubWorkSpace/liuye/frame)
===2020-09-04 14:42:24.810 INFO  com.liuye.WyzdzApplication Line:651 - No active profile set, falling back to default profiles: default
===2020-09-04 14:42:26.131 INFO  org.apache.coyote.http11.Http11NioProtocol Line:173 - Initializing ProtocolHandler ["http-nio-8080"]
===2020-09-04 14:42:26.131 INFO  org.apache.catalina.core.StandardService Line:173 - Starting service [Tomcat]
===2020-09-04 14:42:26.132 INFO  org.apache.catalina.core.StandardEngine Line:173 - Starting Servlet engine: [Apache Tomcat/9.0.37]
===2020-09-04 14:42:26.203 INFO  org.apache.catalina.core.ContainerBase.[Tomcat].[localhost].[/] Line:173 - Initializing Spring embedded WebApplicationContext
===2020-09-04 14:42:26.485 INFO  com.alibaba.druid.spring.boot.autoconfigure.DruidDataSourceAutoConfigure Line:56  - Init DruidDataSource
===2020-09-04 14:42:26.871 INFO  com.alibaba.druid.pool.DruidDataSource Line:1002 - {dataSource-1} inited
===2020-09-04 14:42:27.815 INFO  org.apache.coyote.http11.Http11NioProtocol Line:173 - Starting ProtocolHandler ["http-nio-8080"]
===2020-09-04 14:42:27.863 INFO  com.liuye.WyzdzApplication Line:61  - Started WyzdzApplication in 3.839 seconds (JVM running for 4.571)
===2020-09-04 14:47:14.471 INFO  com.alibaba.druid.pool.DruidDataSource Line:1885 - {dataSource-1} closing ...
===2020-09-04 14:47:14.485 INFO  com.alibaba.druid.pool.DruidDataSource Line:1955 - {dataSource-1} closed
===2020-09-04 15:09:47.174 INFO  com.liuye.WyzdzApplication Line:55  - Starting WyzdzApplication on MacBook-Pro.local with PID 27009 (/Users/liuhui/Documents/ideaTool/githubWorkSpace/liuye/frame/wyzdz/target/classes started by liuhui in /Users/liuhui/Documents/ideaTool/githubWorkSpace/liuye/frame)
===2020-09-04 15:09:47.179 INFO  com.liuye.WyzdzApplication Line:651 - No active profile set, falling back to default profiles: default
===2020-09-04 15:09:48.401 INFO  org.apache.coyote.http11.Http11NioProtocol Line:173 - Initializing ProtocolHandler ["http-nio-8080"]
===2020-09-04 15:09:48.402 INFO  org.apache.catalina.core.StandardService Line:173 - Starting service [Tomcat]
===2020-09-04 15:09:48.402 INFO  org.apache.catalina.core.StandardEngine Line:173 - Starting Servlet engine: [Apache Tomcat/9.0.37]
===2020-09-04 15:09:48.464 INFO  org.apache.catalina.core.ContainerBase.[Tomcat].[localhost].[/] Line:173 - Initializing Spring embedded WebApplicationContext
===2020-09-04 15:09:48.741 INFO  com.alibaba.druid.spring.boot.autoconfigure.DruidDataSourceAutoConfigure Line:56  - Init DruidDataSource
===2020-09-04 15:09:49.117 INFO  com.alibaba.druid.pool.DruidDataSource Line:1002 - {dataSource-1} inited
===2020-09-04 15:09:49.386 INFO  com.alibaba.druid.pool.DruidDataSource Line:1885 - {dataSource-1} closing ...
===2020-09-04 15:09:49.394 INFO  com.alibaba.druid.pool.DruidDataSource Line:1955 - {dataSource-1} closed
===2020-09-04 15:09:49.397 INFO  org.apache.catalina.core.StandardService Line:173 - Stopping service [Tomcat]
===2020-09-04 15:17:26.082 INFO  com.liuye.WyzdzApplication Line:55  - Starting WyzdzApplication on MacBook-Pro.local with PID 27109 (/Users/liuhui/Documents/ideaTool/githubWorkSpace/liuye/frame/wyzdz/target/classes started by liuhui in /Users/liuhui/Documents/ideaTool/githubWorkSpace/liuye/frame)
===2020-09-04 15:17:26.087 INFO  com.liuye.WyzdzApplication Line:651 - No active profile set, falling back to default profiles: default
===2020-09-04 15:17:27.330 INFO  org.apache.coyote.http11.Http11NioProtocol Line:173 - Initializing ProtocolHandler ["http-nio-8080"]
===2020-09-04 15:17:27.331 INFO  org.apache.catalina.core.StandardService Line:173 - Starting service [Tomcat]
===2020-09-04 15:17:27.331 INFO  org.apache.catalina.core.StandardEngine Line:173 - Starting Servlet engine: [Apache Tomcat/9.0.37]
===2020-09-04 15:17:27.394 INFO  org.apache.catalina.core.ContainerBase.[Tomcat].[localhost].[/] Line:173 - Initializing Spring embedded WebApplicationContext
===2020-09-04 15:17:27.671 INFO  com.alibaba.druid.spring.boot.autoconfigure.DruidDataSourceAutoConfigure Line:56  - Init DruidDataSource
===2020-09-04 15:17:28.035 INFO  com.alibaba.druid.pool.DruidDataSource Line:1002 - {dataSource-1} inited
===2020-09-04 15:17:28.300 INFO  com.alibaba.druid.pool.DruidDataSource Line:1885 - {dataSource-1} closing ...
===2020-09-04 15:17:28.309 INFO  com.alibaba.druid.pool.DruidDataSource Line:1955 - {dataSource-1} closed
===2020-09-04 15:17:28.311 INFO  org.apache.catalina.core.StandardService Line:173 - Stopping service [Tomcat]
===2020-09-04 15:18:40.399 INFO  com.liuye.WyzdzApplication Line:55  - Starting WyzdzApplication on MacBook-Pro.local with PID 27127 (/Users/liuhui/Documents/ideaTool/githubWorkSpace/liuye/frame/wyzdz/target/classes started by liuhui in /Users/liuhui/Documents/ideaTool/githubWorkSpace/liuye/frame)
===2020-09-04 15:18:40.404 INFO  com.liuye.WyzdzApplication Line:651 - No active profile set, falling back to default profiles: default
===2020-09-04 15:18:41.808 INFO  org.apache.coyote.http11.Http11NioProtocol Line:173 - Initializing ProtocolHandler ["http-nio-8080"]
===2020-09-04 15:18:41.809 INFO  org.apache.catalina.core.StandardService Line:173 - Starting service [Tomcat]
===2020-09-04 15:18:41.810 INFO  org.apache.catalina.core.StandardEngine Line:173 - Starting Servlet engine: [Apache Tomcat/9.0.37]
===2020-09-04 15:18:41.898 INFO  org.apache.catalina.core.ContainerBase.[Tomcat].[localhost].[/] Line:173 - Initializing Spring embedded WebApplicationContext
===2020-09-04 15:18:42.475 INFO  com.alibaba.druid.spring.boot.autoconfigure.DruidDataSourceAutoConfigure Line:56  - Init DruidDataSource
===2020-09-04 15:18:43.079 INFO  com.alibaba.druid.pool.DruidDataSource Line:1002 - {dataSource-1} inited
===2020-09-04 15:18:43.437 INFO  com.alibaba.druid.pool.DruidDataSource Line:1885 - {dataSource-1} closing ...
===2020-09-04 15:18:43.446 INFO  com.alibaba.druid.pool.DruidDataSource Line:1955 - {dataSource-1} closed
===2020-09-04 15:18:43.450 INFO  org.apache.catalina.core.StandardService Line:173 - Stopping service [Tomcat]
===2020-09-04 15:19:03.283 INFO  com.liuye.WyzdzApplication Line:55  - Starting WyzdzApplication on MacBook-Pro.local with PID 27134 (/Users/liuhui/Documents/ideaTool/githubWorkSpace/liuye/frame/wyzdz/target/classes started by liuhui in /Users/liuhui/Documents/ideaTool/githubWorkSpace/liuye/frame)
===2020-09-04 15:19:03.288 INFO  com.liuye.WyzdzApplication Line:651 - No active profile set, falling back to default profiles: default
===2020-09-04 15:19:04.532 INFO  org.apache.coyote.http11.Http11NioProtocol Line:173 - Initializing ProtocolHandler ["http-nio-8080"]
===2020-09-04 15:19:04.533 INFO  org.apache.catalina.core.StandardService Line:173 - Starting service [Tomcat]
===2020-09-04 15:19:04.533 INFO  org.apache.catalina.core.StandardEngine Line:173 - Starting Servlet engine: [Apache Tomcat/9.0.37]
===2020-09-04 15:19:04.614 INFO  org.apache.catalina.core.ContainerBase.[Tomcat].[localhost].[/] Line:173 - Initializing Spring embedded WebApplicationContext
===2020-09-04 15:19:04.860 INFO  com.alibaba.druid.spring.boot.autoconfigure.DruidDataSourceAutoConfigure Line:56  - Init DruidDataSource
===2020-09-04 15:19:05.193 INFO  com.alibaba.druid.pool.DruidDataSource Line:1002 - {dataSource-1} inited
===2020-09-04 15:19:05.442 INFO  com.alibaba.druid.pool.DruidDataSource Line:1885 - {dataSource-1} closing ...
===2020-09-04 15:19:05.449 INFO  com.alibaba.druid.pool.DruidDataSource Line:1955 - {dataSource-1} closed
===2020-09-04 15:19:05.453 INFO  org.apache.catalina.core.StandardService Line:173 - Stopping service [Tomcat]
===2020-09-04 15:19:29.914 INFO  com.liuye.WyzdzApplication Line:55  - Starting WyzdzApplication on MacBook-Pro.local with PID 27142 (/Users/liuhui/Documents/ideaTool/githubWorkSpace/liuye/frame/wyzdz/target/classes started by liuhui in /Users/liuhui/Documents/ideaTool/githubWorkSpace/liuye/frame)
===2020-09-04 15:19:29.919 INFO  com.liuye.WyzdzApplication Line:651 - No active profile set, falling back to default profiles: default
===2020-09-04 15:19:31.175 INFO  org.apache.coyote.http11.Http11NioProtocol Line:173 - Initializing ProtocolHandler ["http-nio-8080"]
===2020-09-04 15:19:31.176 INFO  org.apache.catalina.core.StandardService Line:173 - Starting service [Tomcat]
===2020-09-04 15:19:31.176 INFO  org.apache.catalina.core.StandardEngine Line:173 - Starting Servlet engine: [Apache Tomcat/9.0.37]
===2020-09-04 15:19:31.246 INFO  org.apache.catalina.core.ContainerBase.[Tomcat].[localhost].[/] Line:173 - Initializing Spring embedded WebApplicationContext
===2020-09-04 15:19:31.525 INFO  com.alibaba.druid.spring.boot.autoconfigure.DruidDataSourceAutoConfigure Line:56  - Init DruidDataSource
===2020-09-04 15:19:31.838 INFO  com.alibaba.druid.pool.DruidDataSource Line:1002 - {dataSource-1} inited
===2020-09-04 15:19:32.104 INFO  com.alibaba.druid.pool.DruidDataSource Line:1885 - {dataSource-1} closing ...
===2020-09-04 15:19:32.111 INFO  com.alibaba.druid.pool.DruidDataSource Line:1955 - {dataSource-1} closed
===2020-09-04 15:19:32.114 INFO  org.apache.catalina.core.StandardService Line:173 - Stopping service [Tomcat]
===2020-09-04 15:19:47.107 INFO  com.liuye.WyzdzApplication Line:55  - Starting WyzdzApplication on MacBook-Pro.local with PID 27148 (/Users/liuhui/Documents/ideaTool/githubWorkSpace/liuye/frame/wyzdz/target/classes started by liuhui in /Users/liuhui/Documents/ideaTool/githubWorkSpace/liuye/frame)
===2020-09-04 15:19:47.112 INFO  com.liuye.WyzdzApplication Line:651 - No active profile set, falling back to default profiles: default
===2020-09-04 15:19:48.768 INFO  org.apache.coyote.http11.Http11NioProtocol Line:173 - Initializing ProtocolHandler ["http-nio-8080"]
===2020-09-04 15:19:48.769 INFO  org.apache.catalina.core.StandardService Line:173 - Starting service [Tomcat]
===2020-09-04 15:19:48.769 INFO  org.apache.catalina.core.StandardEngine Line:173 - Starting Servlet engine: [Apache Tomcat/9.0.37]
===2020-09-04 15:19:48.844 INFO  org.apache.catalina.core.ContainerBase.[Tomcat].[localhost].[/] Line:173 - Initializing Spring embedded WebApplicationContext
===2020-09-04 15:19:49.145 INFO  com.alibaba.druid.spring.boot.autoconfigure.DruidDataSourceAutoConfigure Line:56  - Init DruidDataSource
===2020-09-04 15:19:49.572 INFO  com.alibaba.druid.pool.DruidDataSource Line:1002 - {dataSource-1} inited
===2020-09-04 15:19:49.924 INFO  com.alibaba.druid.pool.DruidDataSource Line:1885 - {dataSource-1} closing ...
===2020-09-04 15:19:49.933 INFO  com.alibaba.druid.pool.DruidDataSource Line:1955 - {dataSource-1} closed
===2020-09-04 15:19:49.938 INFO  org.apache.catalina.core.StandardService Line:173 - Stopping service [Tomcat]
===2020-09-04 15:20:23.152 INFO  com.liuye.WyzdzApplication Line:55  - Starting WyzdzApplication on MacBook-Pro.local with PID 27158 (/Users/liuhui/Documents/ideaTool/githubWorkSpace/liuye/frame/wyzdz/target/classes started by liuhui in /Users/liuhui/Documents/ideaTool/githubWorkSpace/liuye/frame)
===2020-09-04 15:20:23.157 INFO  com.liuye.WyzdzApplication Line:651 - No active profile set, falling back to default profiles: default
===2020-09-04 15:20:24.368 INFO  org.apache.coyote.http11.Http11NioProtocol Line:173 - Initializing ProtocolHandler ["http-nio-8080"]
===2020-09-04 15:20:24.369 INFO  org.apache.catalina.core.StandardService Line:173 - Starting service [Tomcat]
===2020-09-04 15:20:24.369 INFO  org.apache.catalina.core.StandardEngine Line:173 - Starting Servlet engine: [Apache Tomcat/9.0.37]
===2020-09-04 15:20:24.429 INFO  org.apache.catalina.core.ContainerBase.[Tomcat].[localhost].[/] Line:173 - Initializing Spring embedded WebApplicationContext
===2020-09-04 15:20:24.669 INFO  com.alibaba.druid.spring.boot.autoconfigure.DruidDataSourceAutoConfigure Line:56  - Init DruidDataSource
===2020-09-04 15:20:24.978 INFO  com.alibaba.druid.pool.DruidDataSource Line:1002 - {dataSource-1} inited
===2020-09-04 15:20:25.667 INFO  org.apache.coyote.http11.Http11NioProtocol Line:173 - Starting ProtocolHandler ["http-nio-8080"]
===2020-09-04 15:20:25.717 INFO  com.liuye.WyzdzApplication Line:61  - Started WyzdzApplication in 3.15 seconds (JVM running for 3.79)
===2020-09-04 15:20:41.709 INFO  org.apache.catalina.core.ContainerBase.[Tomcat].[localhost].[/] Line:173 - Initializing Spring DispatcherServlet 'dispatcherServlet'
===2020-09-04 15:22:24.060 INFO  com.liuye.security.core.validate.code.ValidateCodeFilter Line:99  - 校验请求(/authentication/form)中的验证码,验证码类型IMAGE
===2020-09-04 15:22:24.061 INFO  com.liuye.security.core.validate.code.image.ImageCodeProcessor Line:104 - imageCode
===2020-09-04 15:22:24.062 INFO  com.liuye.security.core.validate.code.ValidateCodeFilter Line:103 - 验证码校验通过
===2020-09-04 15:22:24.098 INFO  com.liuye.security.client.authentication.AuthenticationSuccessHandler Line:56  - 登录成功
===2020-09-04 15:22:57.274 INFO  com.alibaba.druid.pool.DruidDataSource Line:1885 - {dataSource-1} closing ...
===2020-09-04 15:22:57.281 INFO  com.alibaba.druid.pool.DruidDataSource Line:1955 - {dataSource-1} closed
===2020-09-04 15:23:01.385 INFO  com.liuye.WyzdzApplication Line:55  - Starting WyzdzApplication on MacBook-Pro.local with PID 27188 (/Users/liuhui/Documents/ideaTool/githubWorkSpace/liuye/frame/wyzdz/target/classes started by liuhui in /Users/liuhui/Documents/ideaTool/githubWorkSpace/liuye/frame)
===2020-09-04 15:23:01.389 INFO  com.liuye.WyzdzApplication Line:651 - No active profile set, falling back to default profiles: default
===2020-09-04 15:23:02.532 INFO  org.apache.coyote.http11.Http11NioProtocol Line:173 - Initializing ProtocolHandler ["http-nio-8080"]
===2020-09-04 15:23:02.533 INFO  org.apache.catalina.core.StandardService Line:173 - Starting service [Tomcat]
===2020-09-04 15:23:02.533 INFO  org.apache.catalina.core.StandardEngine Line:173 - Starting Servlet engine: [Apache Tomcat/9.0.37]
===2020-09-04 15:23:02.593 INFO  org.apache.catalina.core.ContainerBase.[Tomcat].[localhost].[/] Line:173 - Initializing Spring embedded WebApplicationContext
===2020-09-04 15:23:02.850 INFO  com.alibaba.druid.spring.boot.autoconfigure.DruidDataSourceAutoConfigure Line:56  - Init DruidDataSource
===2020-09-04 15:23:03.167 INFO  com.alibaba.druid.pool.DruidDataSource Line:1002 - {dataSource-1} inited
===2020-09-04 15:23:03.852 INFO  org.apache.coyote.http11.Http11NioProtocol Line:173 - Starting ProtocolHandler ["http-nio-8080"]
===2020-09-04 15:23:03.900 INFO  com.liuye.WyzdzApplication Line:61  - Started WyzdzApplication in 3.146 seconds (JVM running for 3.808)
===2020-09-04 15:23:23.896 INFO  org.apache.catalina.core.ContainerBase.[Tomcat].[localhost].[/] Line:173 - Initializing Spring DispatcherServlet 'dispatcherServlet'
===2020-09-04 15:23:36.404 INFO  com.liuye.security.core.validate.code.ValidateCodeFilter Line:99  - 校验请求(/authentication/form)中的验证码,验证码类型IMAGE
===2020-09-04 15:23:36.405 INFO  com.liuye.security.core.validate.code.image.ImageCodeProcessor Line:104 - imageCode
===2020-09-04 15:23:36.405 INFO  com.liuye.security.core.validate.code.ValidateCodeFilter Line:103 - 验证码校验通过
===2020-09-04 15:23:36.436 INFO  com.liuye.security.client.authentication.AuthenticationSuccessHandler Line:56  - 登录成功
===2020-09-04 15:24:00.495 INFO  com.liuye.security.core.validate.code.ValidateCodeFilter Line:99  - 校验请求(/authentication/form)中的验证码,验证码类型IMAGE
===2020-09-04 15:24:00.496 INFO  com.liuye.security.core.validate.code.image.ImageCodeProcessor Line:104 - imageCode
===2020-09-04 15:24:00.496 INFO  com.liuye.security.core.validate.code.ValidateCodeFilter Line:103 - 验证码校验通过
===2020-09-04 15:24:09.373 INFO  com.liuye.security.client.authentication.AuthenctiationFailureHandler Line:51  - 登录失败
===2020-09-04 15:24:30.624 INFO  com.alibaba.druid.pool.DruidDataSource Line:1885 - {dataSource-1} closing ...
===2020-09-04 15:24:30.632 INFO  com.alibaba.druid.pool.DruidDataSource Line:1955 - {dataSource-1} closed
===2020-09-04 16:00:20.135 INFO  com.liuye.WyzdzApplication Line:55  - Starting WyzdzApplication on MacBook-Pro.local with PID 27627 (/Users/liuhui/Documents/ideaTool/githubWorkSpace/liuye/frame/wyzdz/target/classes started by liuhui in /Users/liuhui/Documents/ideaTool/githubWorkSpace/liuye/frame)
===2020-09-04 16:00:20.140 INFO  com.liuye.WyzdzApplication Line:651 - No active profile set, falling back to default profiles: default
===2020-09-04 16:00:21.484 INFO  org.apache.coyote.http11.Http11NioProtocol Line:173 - Initializing ProtocolHandler ["http-nio-8080"]
===2020-09-04 16:00:21.485 INFO  org.apache.catalina.core.StandardService Line:173 - Starting service [Tomcat]
===2020-09-04 16:00:21.486 INFO  org.apache.catalina.core.StandardEngine Line:173 - Starting Servlet engine: [Apache Tomcat/9.0.37]
===2020-09-04 16:00:21.570 INFO  org.apache.catalina.core.ContainerBase.[Tomcat].[localhost].[/] Line:173 - Initializing Spring embedded WebApplicationContext
===2020-09-04 16:00:21.816 INFO  com.alibaba.druid.spring.boot.autoconfigure.DruidDataSourceAutoConfigure Line:56  - Init DruidDataSource
===2020-09-04 16:00:22.155 INFO  com.alibaba.druid.pool.DruidDataSource Line:1002 - {dataSource-1} inited
===2020-09-04 16:00:22.896 INFO  org.apache.coyote.http11.Http11NioProtocol Line:173 - Starting ProtocolHandler ["http-nio-8080"]
===2020-09-04 16:00:22.945 INFO  com.liuye.WyzdzApplication Line:61  - Started WyzdzApplication in 3.42 seconds (JVM running for 4.363)
===2020-09-04 16:00:27.036 INFO  com.alibaba.druid.pool.DruidDataSource Line:1885 - {dataSource-1} closing ...
===2020-09-04 16:00:27.044 INFO  com.alibaba.druid.pool.DruidDataSource Line:1955 - {dataSource-1} closed
===2020-09-04 16:00:41.790 INFO  com.liuye.WyzdzApplication Line:55  - Starting WyzdzApplication on MacBook-Pro.local with PID 27633 (/Users/liuhui/Documents/ideaTool/githubWorkSpace/liuye/frame/wyzdz/target/classes started by liuhui in /Users/liuhui/Documents/ideaTool/githubWorkSpace/liuye/frame)
===2020-09-04 16:00:41.802 INFO  com.liuye.WyzdzApplication Line:651 - No active profile set, falling back to default profiles: default
===2020-09-04 16:00:42.958 INFO  org.apache.coyote.http11.Http11NioProtocol Line:173 - Initializing ProtocolHandler ["http-nio-8080"]
===2020-09-04 16:00:42.959 INFO  org.apache.catalina.core.StandardService Line:173 - Starting service [Tomcat]
===2020-09-04 16:00:42.959 INFO  org.apache.catalina.core.StandardEngine Line:173 - Starting Servlet engine: [Apache Tomcat/9.0.37]
===2020-09-04 16:00:43.021 INFO  org.apache.catalina.core.ContainerBase.[Tomcat].[localhost].[/] Line:173 - Initializing Spring embedded WebApplicationContext
===2020-09-04 16:00:43.259 INFO  com.alibaba.druid.spring.boot.autoconfigure.DruidDataSourceAutoConfigure Line:56  - Init DruidDataSource
===2020-09-04 16:00:43.646 INFO  com.alibaba.druid.pool.DruidDataSource Line:1002 - {dataSource-1} inited
===2020-09-04 16:00:44.403 INFO  org.apache.coyote.http11.Http11NioProtocol Line:173 - Starting ProtocolHandler ["http-nio-8080"]
===2020-09-04 16:00:44.452 INFO  com.liuye.WyzdzApplication Line:61  - Started WyzdzApplication in 3.339 seconds (JVM running for 4.04)
===2020-09-04 16:00:56.276 INFO  com.alibaba.druid.pool.DruidDataSource Line:1885 - {dataSource-1} closing ...
===2020-09-04 16:00:56.283 INFO  com.alibaba.druid.pool.DruidDataSource Line:1955 - {dataSource-1} closed
===2020-09-04 16:01:01.716 INFO  com.liuye.WyzdzApplication Line:55  - Starting WyzdzApplication on MacBook-Pro.local with PID 27639 (/Users/liuhui/Documents/ideaTool/githubWorkSpace/liuye/frame/wyzdz/target/classes started by liuhui in /Users/liuhui/Documents/ideaTool/githubWorkSpace/liuye/frame)
===2020-09-04 16:01:01.720 INFO  com.liuye.WyzdzApplication Line:651 - No active profile set, falling back to default profiles: default
===2020-09-04 16:01:02.984 INFO  org.apache.coyote.http11.Http11NioProtocol Line:173 - Initializing ProtocolHandler ["http-nio-8080"]
===2020-09-04 16:01:02.985 INFO  org.apache.catalina.core.StandardService Line:173 - Starting service [Tomcat]
===2020-09-04 16:01:02.986 INFO  org.apache.catalina.core.StandardEngine Line:173 - Starting Servlet engine: [Apache Tomcat/9.0.37]
===2020-09-04 16:01:03.099 INFO  org.apache.catalina.core.ContainerBase.[Tomcat].[localhost].[/] Line:173 - Initializing Spring embedded WebApplicationContext
===2020-09-04 16:01:03.465 INFO  com.alibaba.druid.spring.boot.autoconfigure.DruidDataSourceAutoConfigure Line:56  - Init DruidDataSource
===2020-09-04 16:01:03.824 INFO  com.alibaba.druid.pool.DruidDataSource Line:1002 - {dataSource-1} inited
===2020-09-04 16:01:04.527 INFO  org.apache.coyote.http11.Http11NioProtocol Line:173 - Starting ProtocolHandler ["http-nio-8080"]
===2020-09-04 16:01:04.577 INFO  com.liuye.WyzdzApplication Line:61  - Started WyzdzApplication in 3.451 seconds (JVM running for 5.261)
===2020-09-04 16:07:32.627 INFO  com.alibaba.druid.pool.DruidDataSource Line:1885 - {dataSource-1} closing ...
===2020-09-04 16:07:32.635 INFO  com.alibaba.druid.pool.DruidDataSource Line:1955 - {dataSource-1} closed
